#
# A fatal error has been detected by the Java Runtime Environment:
#
#  EXCEPTION_ACCESS_VIOLATION (0xc0000005) at pc=0x00007ff976a1c474, pid=9048, tid=840
#
# JRE version: Java(TM) SE Runtime Environment (11.0.6+8) (build 11.0.6+8-LTS)
# Java VM: Java HotSpot(TM) 64-Bit Server VM (11.0.6+8-LTS, mixed mode, tiered, compressed oops, g1 gc, windows-amd64)
# Problematic frame:
# C  [ntdll.dll+0x3c474]
#
# No core dump will be written. Minidumps are not enabled by default on client versions of Windows
#
# If you would like to submit a bug report, please visit:
#   http://bugreport.java.com/bugreport/crash.jsp
#

---------------  S U M M A R Y ------------

Command Line: -Dcom.sun.management.jmxremote -Dcom.sun.management.jmxremote.port=51608 -Dcom.sun.management.jmxremote.authenticate=false -Dcom.sun.management.jmxremote.ssl=false -Djava.rmi.server.hostname=localhost -Dspring.jmx.enabled=true -Dspring.application.admin.enabled=true -Xverify:none -XX:TieredStopAtLevel=1 -Dspring.boot.project.name=cursomc -Dfile.encoding=UTF-8 br.com.diego.cursomc.CursomcApplication --spring.output.ansi.enabled=always

Host: Intel(R) Core(TM) i5-3317U CPU @ 1.70GHz, 4 cores, 5G, 
[error occurred during error reporting (printing summary machine and OS info), id 0xc0000005, EXCEPTION_ACCESS_VIOLATION (0xc0000005) at pc=0x00007ff976a1c474]

Time: Sat May  2 18:52:10 2020 Hora oficial do Brasil elapsed time: 1 seconds (0d 0h 0m 1s)

---------------  T H R E A D  ---------------

Current thread (0x0000021c1c8b4800):  JavaThread "RMI TCP Connection(1)-127.0.0.1" daemon [_thread_in_vm, id=840, stack(0x000000a194700000,0x000000a194800000)]

Stack: [0x000000a194700000,0x000000a194800000],  sp=0x000000a1947fafa0,  free space=1003k
Native frames: (J=compiled Java code, j=interpreted, Vv=VM code, C=native code)
C  [ntdll.dll+0x3c474]
C  [ntdll.dll+0x3b997]
C  [ucrtbase.dll+0x12596]
V  [jvm.dll+0x62985b]
V  [jvm.dll+0xb9518]
V  [jvm.dll+0x6c0661]
V  [jvm.dll+0x6c0ecb]
V  [jvm.dll+0x6c09c1]
V  [jvm.dll+0x5dd69a]
V  [jvm.dll+0x5ee829]
V  [jvm.dll+0x5e7f49]
V  [jvm.dll+0x38786f]
C  0x0000021c082bdd24

Java frames: (J=compiled Java code, j=interpreted, Vv=VM code)
j  sun.rmi.transport.tcp.TCPChannel$$Lambda$116.run()Ljava/lang/Object;+0 java.rmi@11.0.6
v  ~StubRoutines::call_stub
J 1014  java.security.AccessController.doPrivileged(Ljava/security/PrivilegedAction;)Ljava/lang/Object; java.base@11.0.6 (0 bytes) @ 0x0000021c08ac0912 [0x0000021c08ac08c0+0x0000000000000052]
j  sun.rmi.transport.tcp.TCPChannel.<clinit>()V+5 java.rmi@11.0.6
v  ~StubRoutines::call_stub
j  sun.rmi.transport.tcp.TCPTransport$ConnectionHandler.run0()V+449 java.rmi@11.0.6
j  sun.rmi.transport.tcp.TCPTransport$ConnectionHandler.lambda$run$0()Ljava/lang/Void;+1 java.rmi@11.0.6
j  sun.rmi.transport.tcp.TCPTransport$ConnectionHandler$$Lambda$115.run()Ljava/lang/Object;+4 java.rmi@11.0.6
v  ~StubRoutines::call_stub
j  java.security.AccessController.doPrivileged(Ljava/security/PrivilegedAction;Ljava/security/AccessControlContext;)Ljava/lang/Object;+0 java.base@11.0.6
j  sun.rmi.transport.tcp.TCPTransport$ConnectionHandler.run()V+37 java.rmi@11.0.6
j  java.util.concurrent.ThreadPoolExecutor.runWorker(Ljava/util/concurrent/ThreadPoolExecutor$Worker;)V+92 java.base@11.0.6
j  java.util.concurrent.ThreadPoolExecutor$Worker.run()V+5 java.base@11.0.6
j  java.lang.Thread.run()V+11 java.base@11.0.6
v  ~StubRoutines::call_stub

siginfo: EXCEPTION_ACCESS_VIOLATION (0xc0000005), reading address 0x0000021c7bec14cc


Register to memory mapping:

RIP=0x00007ff976a1c474 ntdll.dll
RAX=0x0000021c7beba348 is an unknown value
RBX=0x0000021c7bec14bd is an unknown value
RCX=0x0000000083647175 is an unknown value
RDX=0x0000000000060007 is an unknown value
RSP=0x000000a1947fafa0 is pointing into the stack for thread: 0x0000021c1c8b4800
RBP=0x00000000000000be is an unknown value
RSI=0x0000000000000020 is an unknown value
RDI=0x0000021c1c8ab7f0 points into unknown readable memory: 80 28 c3 7b 1c 02 00 00
R8 =0x0000000000000006 is an unknown value
R9 =0x000000000000000f is an unknown value
R10=0x0 is NULL
R11=0x380000000000003d is an unknown value
R12=0x0000000000000040 is an unknown value
R13=0x0000021c7bc32880 points into unknown readable memory: 20 0d c3 7b 1c 02 00 00
R14=0x000000a192e87000 points into unknown readable memory: 00 00 00 00 00 00 00 00
R15=0x0000021c7be88ef0 points into unknown readable memory: 07 00 00 00 08 00 00 00


Registers:
RAX=0x0000021c7beba348, RBX=0x0000021c7bec14bd, RCX=0x0000000083647175, RDX=0x0000000000060007
RSP=0x000000a1947fafa0, RBP=0x00000000000000be, RSI=0x0000000000000020, RDI=0x0000021c1c8ab7f0
R8 =0x0000000000000006, R9 =0x000000000000000f, R10=0x0000000000000000, R11=0x380000000000003d
R12=0x0000000000000040, R13=0x0000021c7bc32880, R14=0x000000a192e87000, R15=0x0000021c7be88ef0
RIP=0x00007ff976a1c474, EFLAGS=0x0000000000010206

Top of Stack: (sp=0x000000a1947fafa0)
0x000000a1947fafa0:   0000000000050008 0000000000000020
0x000000a1947fafb0:   0000021c1c8ab7f0 00007ff91fd67285
0x000000a1947fafc0:   000000a11b1de488 00007ff91b1df370
0x000000a1947fafd0:   0000021c00000000 0000021c7bc32880
0x000000a1947fafe0:   000000a1947fb3c0 0000021c7bc30000
0x000000a1947faff0:   0000021c7bc302a8 000000a1947fb3c0
0x000000a1947fb000:   0000000000000020 0000021c7bc30d20
0x000000a1947fb010:   0000021c1accc650 0000000000000000
0x000000a1947fb020:   0000000000000010 0000000000000000
0x000000a1947fb030:   0000000000000000 0000000000000002
0x000000a1947fb040:   0000000000000020 000000a1947fb109
0x000000a1947fb050:   0000021c7bc60000 00007ff976a1b997
0x000000a1947fb060:   0000021c7bc30000 0000000000000002
0x000000a1947fb070:   0000000000000010 0000021c00000000
0x000000a1947fb080:   000000a1947fb930 0000000000000000
0x000000a1947fb090:   0000000000000000 000000a1947fb930 

Instructions: (pc=0x00007ff976a1c474)
0x00007ff976a1c454:   18 33 4c 24 48 41 33 cf 33 0d 1e a1 12 00 8b c1
0x00007ff976a1c464:   0f b7 d9 c1 e8 10 41 0f af c0 49 03 c7 48 03 d8
0x00007ff976a1c474:   f6 43 0f 3f 0f 85 18 81 07 00 83 7c 24 30 00 0f
0x00007ff976a1c484:   85 10 02 00 00 48 85 db 74 6f f6 84 24 d8 00 00 


Stack slot to memory mapping:
stack at sp + 0 slots: 0x0000000000050008 is an unknown value
stack at sp + 1 slots: 0x0000000000000020 is an unknown value
stack at sp + 2 slots: 0x0000021c1c8ab7f0 points into unknown readable memory: 80 28 c3 7b 1c 02 00 00
stack at sp + 3 slots: 0x00007ff91fd67285 jvm.dll
stack at sp + 4 slots: 0x000000a11b1de488 is an unknown value
stack at sp + 5 slots: 0x00007ff91b1df370 is an unknown value
stack at sp + 6 slots: 0x0000021c00000000 points into unknown readable memory: da da fe ca 00 00 01 00
stack at sp + 7 slots: 0x0000021c7bc32880 points into unknown readable memory: 20 0d c3 7b 1c 02 00 00


---------------  P R O C E S S  ---------------

Threads class SMR info:
_java_thread_list=0x0000021c1c9097f0, length=13, elements={
0x0000021c7bdcb800, 0x0000021c1ae25000, 0x0000021c1ae2e800, 0x0000021c1b7b2800,
0x0000021c1b7b3800, 0x0000021c1ae21800, 0x0000021c1ae3f800, 0x0000021c1ada4000,
0x0000021c1b9b1800, 0x0000021c1c82a800, 0x0000021c1c83c800, 0x0000021c1c83d000,
0x0000021c1c8b4800
}

Java Threads: ( => current thread )
  0x0000021c7bdcb800 JavaThread "main" [_thread_blocked, id=4948, stack(0x000000a193300000,0x000000a193400000)]
  0x0000021c1ae25000 JavaThread "Reference Handler" daemon [_thread_blocked, id=8972, stack(0x000000a193a00000,0x000000a193b00000)]
  0x0000021c1ae2e800 JavaThread "Finalizer" daemon [_thread_blocked, id=5328, stack(0x000000a193b00000,0x000000a193c00000)]
  0x0000021c1b7b2800 JavaThread "Signal Dispatcher" daemon [_thread_blocked, id=9012, stack(0x000000a193c00000,0x000000a193d00000)]
  0x0000021c1b7b3800 JavaThread "Attach Listener" daemon [_thread_blocked, id=9100, stack(0x000000a193d00000,0x000000a193e00000)]
  0x0000021c1ae21800 JavaThread "C1 CompilerThread0" daemon [_thread_blocked, id=7860, stack(0x000000a193e00000,0x000000a193f00000)]
  0x0000021c1ae3f800 JavaThread "Sweeper thread" daemon [_thread_blocked, id=1112, stack(0x000000a193f00000,0x000000a194000000)]
  0x0000021c1ada4000 JavaThread "Common-Cleaner" daemon [_thread_blocked, id=8504, stack(0x000000a194000000,0x000000a194100000)]
  0x0000021c1b9b1800 JavaThread "Service Thread" daemon [_thread_blocked, id=6900, stack(0x000000a194100000,0x000000a194200000)]
  0x0000021c1c82a800 JavaThread "RMI TCP Accept-0" daemon [_thread_in_native, id=5952, stack(0x000000a194300000,0x000000a194400000)]
  0x0000021c1c83c800 JavaThread "RMI TCP Accept-51608" daemon [_thread_in_native, id=7480, stack(0x000000a194400000,0x000000a194500000)]
  0x0000021c1c83d000 JavaThread "RMI TCP Accept-0" daemon [_thread_in_native, id=5312, stack(0x000000a194500000,0x000000a194600000)]
=>0x0000021c1c8b4800 JavaThread "RMI TCP Connection(1)-127.0.0.1" daemon [_thread_in_vm, id=840, stack(0x000000a194700000,0x000000a194800000)]

Other Threads:
  0x0000021c1adeb800 VMThread "VM Thread" [stack: 0x000000a193900000,0x000000a193a00000] [id=7312]
  0x0000021c1c8ab000 WatcherThread [stack: 0x000000a194600000,0x000000a194700000] [id=5468]
  0x0000021c7bde3800 GCTaskThread "GC Thread#0" [stack: 0x000000a193400000,0x000000a193500000] [id=6764]
  0x0000021c1c362000 GCTaskThread "GC Thread#1" [stack: 0x000000a194200000,0x000000a194300000] [id=3052]
  0x0000021c7be09000 ConcurrentGCThread "G1 Main Marker" [stack: 0x000000a193500000,0x000000a193600000] [id=4712]
  0x0000021c7be0c800 ConcurrentGCThread "G1 Conc#0" [stack: 0x000000a193600000,0x000000a193700000] [id=1428]
  0x0000021c7be81800 ConcurrentGCThread "G1 Refine#0" [stack: 0x000000a193700000,0x000000a193800000] [id=2924]
  0x0000021c7be84000 ConcurrentGCThread "G1 Young RemSet Sampling" [stack: 0x000000a193800000,0x000000a193900000] [id=9584]

Threads with active compile tasks:

VM state:synchronizing (normal execution)

VM Mutex/Monitor currently owned by a thread:  ([mutex/lock_event])
[0x0000021c7bdc8fd0] MetaspaceExpand_lock - owner thread: 0x0000021c1c8b4800
[0x0000021c7bdcb150] Threads_lock - owner thread: 0x0000021c1adeb800
[0x0000021c7bdc9f50] Heap_lock - owner thread: 0x0000021c7bdcb800

Heap address: 0x00000000a1c00000, size: 1508 MB, Compressed Oops mode: 32-bit
Narrow klass base: 0x0000000000000000, Narrow klass shift: 3
Compressed class space size: 1073741824 Address: 0x0000000100000000

Heap:
 garbage-first heap   total 98304K, used 42598K [0x00000000a1c00000, 0x0000000100000000)
  region size 1024K, 25 young (25600K), 2 survivors (2048K)
 Metaspace       used 14597K, capacity 15023K, committed 15360K, reserved 1062912K
  class space    used 1553K, capacity 1696K, committed 1792K, reserved 1048576K
Heap Regions: E=young(eden), S=young(survivor), O=old, HS=humongous(starts), HC=humongous(continues), CS=collection set, F=free, A=archive, TAMS=top-at-mark-start (previous, next)
|   0|0x00000000a1c00000, 0x00000000a1d00000, 0x00000000a1d00000|100%|HS|  |TAMS 0x00000000a1c00000, 0x00000000a1c00000| Complete 
|   1|0x00000000a1d00000, 0x00000000a1e00000, 0x00000000a1e00000|100%| O|  |TAMS 0x00000000a1d00000, 0x00000000a1d00000| Untracked 
|   2|0x00000000a1e00000, 0x00000000a1f00000, 0x00000000a1f00000|100%| O|  |TAMS 0x00000000a1e00000, 0x00000000a1e00000| Untracked 
|   3|0x00000000a1f00000, 0x00000000a2000000, 0x00000000a2000000|100%| O|  |TAMS 0x00000000a1f00000, 0x00000000a1f00000| Untracked 
|   4|0x00000000a2000000, 0x00000000a2100000, 0x00000000a2100000|100%| O|  |TAMS 0x00000000a2000000, 0x00000000a2000000| Untracked 
|   5|0x00000000a2100000, 0x00000000a2200000, 0x00000000a2200000|100%| O|  |TAMS 0x00000000a2100000, 0x00000000a2100000| Untracked 
|   6|0x00000000a2200000, 0x00000000a2300000, 0x00000000a2300000|100%| O|  |TAMS 0x00000000a2200000, 0x00000000a2200000| Untracked 
|   7|0x00000000a2300000, 0x00000000a2400000, 0x00000000a2400000|100%| O|  |TAMS 0x00000000a2300000, 0x00000000a2300000| Untracked 
|   8|0x00000000a2400000, 0x00000000a2500000, 0x00000000a2500000|100%| O|  |TAMS 0x00000000a2400000, 0x00000000a2400000| Untracked 
|   9|0x00000000a2500000, 0x00000000a2600000, 0x00000000a2600000|100%| O|  |TAMS 0x00000000a2500000, 0x00000000a2500000| Untracked 
|  10|0x00000000a2600000, 0x00000000a2700000, 0x00000000a2700000|100%| O|  |TAMS 0x00000000a2600000, 0x00000000a2600000| Untracked 
|  11|0x00000000a2700000, 0x00000000a2800000, 0x00000000a2800000|100%| O|  |TAMS 0x00000000a2700000, 0x00000000a2700000| Untracked 
|  12|0x00000000a2800000, 0x00000000a2900000, 0x00000000a2900000|100%| O|  |TAMS 0x00000000a2800000, 0x00000000a2800000| Untracked 
|  13|0x00000000a2900000, 0x00000000a2a00000, 0x00000000a2a00000|100%| O|  |TAMS 0x00000000a2900000, 0x00000000a2900000| Untracked 
|  14|0x00000000a2a00000, 0x00000000a2b00000, 0x00000000a2b00000|100%| O|  |TAMS 0x00000000a2a00000, 0x00000000a2a00000| Untracked 
|  15|0x00000000a2b00000, 0x00000000a2c00000, 0x00000000a2c00000|100%| O|  |TAMS 0x00000000a2b00000, 0x00000000a2b00000| Untracked 
|  16|0x00000000a2c00000, 0x00000000a2d00000, 0x00000000a2d00000|100%| O|  |TAMS 0x00000000a2c00000, 0x00000000a2c00000| Untracked 
|  17|0x00000000a2d00000, 0x00000000a2db9200, 0x00000000a2e00000| 72%| O|  |TAMS 0x00000000a2d00000, 0x00000000a2d00000| Untracked 
|  18|0x00000000a2e00000, 0x00000000a2e00000, 0x00000000a2f00000|  0%| F|  |TAMS 0x00000000a2e00000, 0x00000000a2e00000| Untracked 
|  19|0x00000000a2f00000, 0x00000000a2f00000, 0x00000000a3000000|  0%| F|  |TAMS 0x00000000a2f00000, 0x00000000a2f00000| Untracked 
|  20|0x00000000a3000000, 0x00000000a3000000, 0x00000000a3100000|  0%| F|  |TAMS 0x00000000a3000000, 0x00000000a3000000| Untracked 
|  21|0x00000000a3100000, 0x00000000a3100000, 0x00000000a3200000|  0%| F|  |TAMS 0x00000000a3100000, 0x00000000a3100000| Untracked 
|  22|0x00000000a3200000, 0x00000000a3200000, 0x00000000a3300000|  0%| F|  |TAMS 0x00000000a3200000, 0x00000000a3200000| Untracked 
|  23|0x00000000a3300000, 0x00000000a3300000, 0x00000000a3400000|  0%| F|  |TAMS 0x00000000a3300000, 0x00000000a3300000| Untracked 
|  24|0x00000000a3400000, 0x00000000a3400000, 0x00000000a3500000|  0%| F|  |TAMS 0x00000000a3400000, 0x00000000a3400000| Untracked 
|  25|0x00000000a3500000, 0x00000000a3500000, 0x00000000a3600000|  0%| F|  |TAMS 0x00000000a3500000, 0x00000000a3500000| Untracked 
|  26|0x00000000a3600000, 0x00000000a3600000, 0x00000000a3700000|  0%| F|  |TAMS 0x00000000a3600000, 0x00000000a3600000| Untracked 
|  27|0x00000000a3700000, 0x00000000a3700000, 0x00000000a3800000|  0%| F|  |TAMS 0x00000000a3700000, 0x00000000a3700000| Untracked 
|  28|0x00000000a3800000, 0x00000000a3800000, 0x00000000a3900000|  0%| F|  |TAMS 0x00000000a3800000, 0x00000000a3800000| Untracked 
|  29|0x00000000a3900000, 0x00000000a3900000, 0x00000000a3a00000|  0%| F|  |TAMS 0x00000000a3900000, 0x00000000a3900000| Untracked 
|  30|0x00000000a3a00000, 0x00000000a3a00000, 0x00000000a3b00000|  0%| F|  |TAMS 0x00000000a3a00000, 0x00000000a3a00000| Untracked 
|  31|0x00000000a3b00000, 0x00000000a3b00000, 0x00000000a3c00000|  0%| F|  |TAMS 0x00000000a3b00000, 0x00000000a3b00000| Untracked 
|  32|0x00000000a3c00000, 0x00000000a3c00000, 0x00000000a3d00000|  0%| F|  |TAMS 0x00000000a3c00000, 0x00000000a3c00000| Untracked 
|  33|0x00000000a3d00000, 0x00000000a3d00000, 0x00000000a3e00000|  0%| F|  |TAMS 0x00000000a3d00000, 0x00000000a3d00000| Untracked 
|  34|0x00000000a3e00000, 0x00000000a3e00000, 0x00000000a3f00000|  0%| F|  |TAMS 0x00000000a3e00000, 0x00000000a3e00000| Untracked 
|  35|0x00000000a3f00000, 0x00000000a3f00000, 0x00000000a4000000|  0%| F|  |TAMS 0x00000000a3f00000, 0x00000000a3f00000| Untracked 
|  36|0x00000000a4000000, 0x00000000a4000000, 0x00000000a4100000|  0%| F|  |TAMS 0x00000000a4000000, 0x00000000a4000000| Untracked 
|  37|0x00000000a4100000, 0x00000000a4100000, 0x00000000a4200000|  0%| F|  |TAMS 0x00000000a4100000, 0x00000000a4100000| Untracked 
|  38|0x00000000a4200000, 0x00000000a4200000, 0x00000000a4300000|  0%| F|  |TAMS 0x00000000a4200000, 0x00000000a4200000| Untracked 
|  39|0x00000000a4300000, 0x00000000a4300000, 0x00000000a4400000|  0%| F|  |TAMS 0x00000000a4300000, 0x00000000a4300000| Untracked 
|  40|0x00000000a4400000, 0x00000000a4400000, 0x00000000a4500000|  0%| F|  |TAMS 0x00000000a4400000, 0x00000000a4400000| Untracked 
|  41|0x00000000a4500000, 0x00000000a4500000, 0x00000000a4600000|  0%| F|  |TAMS 0x00000000a4500000, 0x00000000a4500000| Untracked 
|  42|0x00000000a4600000, 0x00000000a4600000, 0x00000000a4700000|  0%| F|  |TAMS 0x00000000a4600000, 0x00000000a4600000| Untracked 
|  43|0x00000000a4700000, 0x00000000a4700000, 0x00000000a4800000|  0%| F|  |TAMS 0x00000000a4700000, 0x00000000a4700000| Untracked 
|  44|0x00000000a4800000, 0x00000000a4800000, 0x00000000a4900000|  0%| F|  |TAMS 0x00000000a4800000, 0x00000000a4800000| Untracked 
|  45|0x00000000a4900000, 0x00000000a4900000, 0x00000000a4a00000|  0%| F|  |TAMS 0x00000000a4900000, 0x00000000a4900000| Untracked 
|  46|0x00000000a4a00000, 0x00000000a4a00000, 0x00000000a4b00000|  0%| F|  |TAMS 0x00000000a4a00000, 0x00000000a4a00000| Untracked 
|  47|0x00000000a4b00000, 0x00000000a4b00000, 0x00000000a4c00000|  0%| F|  |TAMS 0x00000000a4b00000, 0x00000000a4b00000| Untracked 
|  48|0x00000000a4c00000, 0x00000000a4c00000, 0x00000000a4d00000|  0%| F|  |TAMS 0x00000000a4c00000, 0x00000000a4c00000| Untracked 
|  49|0x00000000a4d00000, 0x00000000a4d00000, 0x00000000a4e00000|  0%| F|  |TAMS 0x00000000a4d00000, 0x00000000a4d00000| Untracked 
|  50|0x00000000a4e00000, 0x00000000a4e00000, 0x00000000a4f00000|  0%| F|  |TAMS 0x00000000a4e00000, 0x00000000a4e00000| Untracked 
|  51|0x00000000a4f00000, 0x00000000a4f00000, 0x00000000a5000000|  0%| F|  |TAMS 0x00000000a4f00000, 0x00000000a4f00000| Untracked 
|  52|0x00000000a5000000, 0x00000000a5000000, 0x00000000a5100000|  0%| F|  |TAMS 0x00000000a5000000, 0x00000000a5000000| Untracked 
|  53|0x00000000a5100000, 0x00000000a5100000, 0x00000000a5200000|  0%| F|  |TAMS 0x00000000a5100000, 0x00000000a5100000| Untracked 
|  54|0x00000000a5200000, 0x00000000a5200000, 0x00000000a5300000|  0%| F|  |TAMS 0x00000000a5200000, 0x00000000a5200000| Untracked 
|  55|0x00000000a5300000, 0x00000000a5300000, 0x00000000a5400000|  0%| F|  |TAMS 0x00000000a5300000, 0x00000000a5300000| Untracked 
|  56|0x00000000a5400000, 0x00000000a5400000, 0x00000000a5500000|  0%| F|  |TAMS 0x00000000a5400000, 0x00000000a5400000| Untracked 
|  57|0x00000000a5500000, 0x00000000a5500000, 0x00000000a5600000|  0%| F|  |TAMS 0x00000000a5500000, 0x00000000a5500000| Untracked 
|  58|0x00000000a5600000, 0x00000000a5600000, 0x00000000a5700000|  0%| F|  |TAMS 0x00000000a5600000, 0x00000000a5600000| Untracked 
|  59|0x00000000a5700000, 0x00000000a5700000, 0x00000000a5800000|  0%| F|  |TAMS 0x00000000a5700000, 0x00000000a5700000| Untracked 
|  60|0x00000000a5800000, 0x00000000a5800000, 0x00000000a5900000|  0%| F|  |TAMS 0x00000000a5800000, 0x00000000a5800000| Untracked 
|  61|0x00000000a5900000, 0x00000000a5900000, 0x00000000a5a00000|  0%| F|  |TAMS 0x00000000a5900000, 0x00000000a5900000| Untracked 
|  62|0x00000000a5a00000, 0x00000000a5a00000, 0x00000000a5b00000|  0%| F|  |TAMS 0x00000000a5a00000, 0x00000000a5a00000| Untracked 
|  63|0x00000000a5b00000, 0x00000000a5b00000, 0x00000000a5c00000|  0%| F|  |TAMS 0x00000000a5b00000, 0x00000000a5b00000| Untracked 
|  64|0x00000000a5c00000, 0x00000000a5c00000, 0x00000000a5d00000|  0%| F|  |TAMS 0x00000000a5c00000, 0x00000000a5c00000| Untracked 
|  65|0x00000000a5d00000, 0x00000000a5d00000, 0x00000000a5e00000|  0%| F|  |TAMS 0x00000000a5d00000, 0x00000000a5d00000| Untracked 
|  66|0x00000000a5e00000, 0x00000000a5e00000, 0x00000000a5f00000|  0%| F|  |TAMS 0x00000000a5e00000, 0x00000000a5e00000| Untracked 
|  67|0x00000000a5f00000, 0x00000000a5f00000, 0x00000000a6000000|  0%| F|  |TAMS 0x00000000a5f00000, 0x00000000a5f00000| Untracked 
|  68|0x00000000a6000000, 0x00000000a6000000, 0x00000000a6100000|  0%| F|  |TAMS 0x00000000a6000000, 0x00000000a6000000| Untracked 
|  69|0x00000000a6100000, 0x00000000a6100000, 0x00000000a6200000|  0%| F|  |TAMS 0x00000000a6100000, 0x00000000a6100000| Untracked 
|  70|0x00000000a6200000, 0x00000000a6200000, 0x00000000a6300000|  0%| F|  |TAMS 0x00000000a6200000, 0x00000000a6200000| Untracked 
|  71|0x00000000a6300000, 0x00000000a63f5cd0, 0x00000000a6400000| 96%| E|  |TAMS 0x00000000a6300000, 0x00000000a6300000| Complete 
|  72|0x00000000a6400000, 0x00000000a6500000, 0x00000000a6500000|100%| E|CS|TAMS 0x00000000a6400000, 0x00000000a6400000| Complete 
|  73|0x00000000a6500000, 0x00000000a6600000, 0x00000000a6600000|100%| E|CS|TAMS 0x00000000a6500000, 0x00000000a6500000| Complete 
|  74|0x00000000a6600000, 0x00000000a6700000, 0x00000000a6700000|100%| E|CS|TAMS 0x00000000a6600000, 0x00000000a6600000| Complete 
|  75|0x00000000a6700000, 0x00000000a6800000, 0x00000000a6800000|100%| E|CS|TAMS 0x00000000a6700000, 0x00000000a6700000| Complete 
|  76|0x00000000a6800000, 0x00000000a68e0700, 0x00000000a6900000| 87%| S|CS|TAMS 0x00000000a6800000, 0x00000000a6800000| Complete 
|  77|0x00000000a6900000, 0x00000000a6a00000, 0x00000000a6a00000|100%| S|CS|TAMS 0x00000000a6900000, 0x00000000a6900000| Complete 
|  78|0x00000000a6a00000, 0x00000000a6b00000, 0x00000000a6b00000|100%| E|CS|TAMS 0x00000000a6a00000, 0x00000000a6a00000| Complete 
|  79|0x00000000a6b00000, 0x00000000a6c00000, 0x00000000a6c00000|100%| E|CS|TAMS 0x00000000a6b00000, 0x00000000a6b00000| Complete 
|  80|0x00000000a6c00000, 0x00000000a6d00000, 0x00000000a6d00000|100%| E|CS|TAMS 0x00000000a6c00000, 0x00000000a6c00000| Complete 
|  81|0x00000000a6d00000, 0x00000000a6e00000, 0x00000000a6e00000|100%| E|CS|TAMS 0x00000000a6d00000, 0x00000000a6d00000| Complete 
|  82|0x00000000a6e00000, 0x00000000a6f00000, 0x00000000a6f00000|100%| E|CS|TAMS 0x00000000a6e00000, 0x00000000a6e00000| Complete 
|  83|0x00000000a6f00000, 0x00000000a7000000, 0x00000000a7000000|100%| E|CS|TAMS 0x00000000a6f00000, 0x00000000a6f00000| Complete 
|  84|0x00000000a7000000, 0x00000000a7100000, 0x00000000a7100000|100%| E|CS|TAMS 0x00000000a7000000, 0x00000000a7000000| Complete 
|  85|0x00000000a7100000, 0x00000000a7200000, 0x00000000a7200000|100%| E|CS|TAMS 0x00000000a7100000, 0x00000000a7100000| Complete 
|  86|0x00000000a7200000, 0x00000000a7300000, 0x00000000a7300000|100%| E|CS|TAMS 0x00000000a7200000, 0x00000000a7200000| Complete 
|  87|0x00000000a7300000, 0x00000000a7400000, 0x00000000a7400000|100%| E|CS|TAMS 0x00000000a7300000, 0x00000000a7300000| Complete 
|  88|0x00000000a7400000, 0x00000000a7500000, 0x00000000a7500000|100%| E|CS|TAMS 0x00000000a7400000, 0x00000000a7400000| Complete 
|  89|0x00000000a7500000, 0x00000000a7600000, 0x00000000a7600000|100%| E|CS|TAMS 0x00000000a7500000, 0x00000000a7500000| Complete 
|  90|0x00000000a7600000, 0x00000000a7700000, 0x00000000a7700000|100%| E|CS|TAMS 0x00000000a7600000, 0x00000000a7600000| Complete 
|  91|0x00000000a7700000, 0x00000000a7800000, 0x00000000a7800000|100%| E|CS|TAMS 0x00000000a7700000, 0x00000000a7700000| Complete 
|  92|0x00000000a7800000, 0x00000000a7900000, 0x00000000a7900000|100%| E|CS|TAMS 0x00000000a7800000, 0x00000000a7800000| Complete 
|  93|0x00000000a7900000, 0x00000000a7a00000, 0x00000000a7a00000|100%| E|CS|TAMS 0x00000000a7900000, 0x00000000a7900000| Complete 
|  94|0x00000000a7a00000, 0x00000000a7b00000, 0x00000000a7b00000|100%| E|CS|TAMS 0x00000000a7a00000, 0x00000000a7a00000| Complete 
|  95|0x00000000a7b00000, 0x00000000a7c00000, 0x00000000a7c00000|100%| E|CS|TAMS 0x00000000a7b00000, 0x00000000a7b00000| Complete 

Card table byte_map: [0x0000021c7dfc0000,0x0000021c7e2c0000] _byte_map_base: 0x0000021c7dab2000

Marking Bits (Prev, Next): (CMBitMap*) 0x0000021c7be02738, (CMBitMap*) 0x0000021c7be02770
 Prev Bits: [0x0000021c7e5c0000, 0x0000021c7fd50000)
 Next Bits: [0x0000021c172b0000, 0x0000021c18a40000)

Polling page: 0x0000021c7be90000

Metaspace:

Usage:
  Non-class:     13.01 MB capacity,    12.74 MB ( 98%) used,   248.11 KB (  2%) free+waste,    35.50 KB ( <1%) overhead. 
      Class:      1.66 MB capacity,     1.52 MB ( 92%) used,   124.81 KB (  7%) free+waste,    17.56 KB (  1%) overhead. 
       Both:     14.67 MB capacity,    14.25 MB ( 97%) used,   372.92 KB (  2%) free+waste,    53.06 KB ( <1%) overhead. 

Virtual space:
  Non-class space:       14.00 MB reserved,      13.25 MB ( 95%) committed 
      Class space:        1.00 GB reserved,       1.75 MB ( <1%) committed 
             Both:        1.01 GB reserved,      15.00 MB (  1%) committed 

Chunk freelists:
   Non-Class:  6.00 KB
       Class:  0 bytes
        Both:  6.00 KB

CodeHeap 'non-profiled nmethods': size=238912Kb used=2183Kb max_used=2183Kb free=236728Kb
 bounds [0x0000021c08960000, 0x0000021c08bd0000, 0x0000021c172b0000]
CodeHeap 'non-nmethods': size=6848Kb used=1106Kb max_used=1106Kb free=5741Kb
 bounds [0x0000021c082b0000, 0x0000021c08520000, 0x0000021c08960000]
 total_blobs=1852 nmethods=1421 adapters=342
 compilation: enabled
              stopped_count=0, restarted_count=0
 full_count=0

Compilation events (10 events):
Event: 1.776 Thread 0x0000021c1ae21800 nmethod 1416 0x0000021c08b7ee90 code [0x0000021c08b7f0a0, 0x0000021c08b7f490]
Event: 1.776 Thread 0x0000021c1ae21800 1417       1       java.util.jar.Attributes$Name::of (28 bytes)
Event: 1.776 Thread 0x0000021c1ae21800 nmethod 1417 0x0000021c08b7f710 code [0x0000021c08b7f900, 0x0000021c08b7fc00]
Event: 1.776 Thread 0x0000021c1ae21800 1413       1       java.util.concurrent.ConcurrentHashMap::remove (8 bytes)
Event: 1.776 Thread 0x0000021c1ae21800 nmethod 1413 0x0000021c08b7fe10 code [0x0000021c08b7ffc0, 0x0000021c08b80110]
Event: 1.776 Thread 0x0000021c1ae21800 1411       1       java.lang.invoke.DirectMethodHandle::preparedLambdaForm (31 bytes)
Event: 1.777 Thread 0x0000021c1ae21800 nmethod 1411 0x0000021c08b80190 code [0x0000021c08b80360, 0x0000021c08b80510]
Event: 1.777 Thread 0x0000021c1ae21800 1414       1       java.lang.invoke.StringConcatFactory$RecipeElement::getTag (5 bytes)
Event: 1.777 Thread 0x0000021c1ae21800 nmethod 1414 0x0000021c08b80610 code [0x0000021c08b807c0, 0x0000021c08b808d8]
Event: 1.777 Thread 0x0000021c1ae21800 1419       1       java.util.jar.Attributes$Name::hash (148 bytes)

GC Heap History (6 events):
Event: 0.796 GC heap before
{Heap before GC invocations=0 (full 0):
 garbage-first heap   total 98304K, used 14336K [0x00000000a1c00000, 0x0000000100000000)
  region size 1024K, 14 young (14336K), 0 survivors (0K)
 Metaspace       used 6162K, capacity 6238K, committed 6528K, reserved 1056768K
  class space    used 546K, capacity 567K, committed 640K, reserved 1048576K
}
Event: 0.804 GC heap after
{Heap after GC invocations=1 (full 0):
 garbage-first heap   total 98304K, used 12263K [0x00000000a1c00000, 0x0000000100000000)
  region size 1024K, 2 young (2048K), 2 survivors (2048K)
 Metaspace       used 6162K, capacity 6238K, committed 6528K, reserved 1056768K
  class space    used 546K, capacity 567K, committed 640K, reserved 1048576K
}
Event: 0.995 GC heap before
{Heap before GC invocations=1 (full 0):
 garbage-first heap   total 98304K, used 19431K [0x00000000a1c00000, 0x0000000100000000)
  region size 1024K, 10 young (10240K), 2 survivors (2048K)
 Metaspace       used 8499K, capacity 8701K, committed 8960K, reserved 1056768K
  class space    used 851K, capacity 926K, committed 1024K, reserved 1048576K
}
Event: 1.003 GC heap after
{Heap after GC invocations=2 (full 0):
 garbage-first heap   total 98304K, used 18082K [0x00000000a1c00000, 0x0000000100000000)
  region size 1024K, 2 young (2048K), 2 survivors (2048K)
 Metaspace       used 8499K, capacity 8701K, committed 8960K, reserved 1056768K
  class space    used 851K, capacity 926K, committed 1024K, reserved 1048576K
}
Event: 1.759 GC heap before
{Heap before GC invocations=2 (full 0):
 garbage-first heap   total 98304K, used 34466K [0x00000000a1c00000, 0x0000000100000000)
  region size 1024K, 18 young (18432K), 2 survivors (2048K)
 Metaspace       used 14544K, capacity 14922K, committed 14976K, reserved 1062912K
  class space    used 1547K, capacity 1662K, committed 1664K, reserved 1048576K
}
Event: 1.766 GC heap after
{Heap after GC invocations=3 (full 0):
 garbage-first heap   total 98304K, used 20070K [0x00000000a1c00000, 0x0000000100000000)
  region size 1024K, 2 young (2048K), 2 survivors (2048K)
 Metaspace       used 14544K, capacity 14922K, committed 14976K, reserved 1062912K
  class space    used 1547K, capacity 1662K, committed 1664K, reserved 1048576K
}

Deoptimization events (0 events):
No events

Classes redefined (0 events):
No events

Internal exceptions (10 events):
Event: 1.453 Thread 0x0000021c7bdcb800 Exception <a 'java/lang/ClassNotFoundException'{0x00000000a79ddc98}: jdk/internal/agent/resources/spi/agentProvider> (0x00000000a79ddc98) thrown at [t:/workspace/open/src/hotspot/share/classfile/systemDictionary.cpp, line 231]
Event: 1.463 Thread 0x0000021c7bdcb800 Exception <a 'java/lang/NoSuchMethodError'{0x00000000a78338b0}: java.lang.invoke.DirectMethodHandle$Holder.invokeStatic(Ljava/lang/Object;Ljava/lang/Object;Ljava/lang/Object;Ljava/lang/Object;Ljava/lang/Object;Ljava/lang/Object;Ljava/lang/Object;Ljava/lan
Event: 1.464 Thread 0x0000021c7bdcb800 Exception <a 'java/lang/NoSuchMethodError'{0x00000000a7840270}: java.lang.invoke.DirectMethodHandle$Holder.invokeStatic(Ljava/lang/Object;Ljava/lang/Object;Ljava/lang/Object;Ljava/lang/Object;Ljava/lang/Object;Ljava/lang/Object;Ljava/lang/Object;Ljava/lan
Event: 1.466 Thread 0x0000021c7bdcb800 Exception <a 'java/lang/NoSuchMethodError'{0x00000000a785a140}: java.lang.invoke.DelegatingMethodHandle$Holder.reinvoke_L(Ljava/lang/Object;ILjava/lang/Object;)Ljava/lang/Object;> (0x00000000a785a140) thrown at [t:/workspace/open/src/hotspot/share/interpr
Event: 1.510 Thread 0x0000021c7bdcb800 Exception <a 'java/lang/ClassNotFoundException'{0x00000000a762be50}: javax/smartcardio/CardPermission> (0x00000000a762be50) thrown at [t:/workspace/open/src/hotspot/share/classfile/systemDictionary.cpp, line 231]
Event: 1.515 Thread 0x0000021c7bdcb800 Exception <a 'java/io/FileNotFoundException'{0x00000000a763a158}> (0x00000000a763a158) thrown at [t:/workspace/open/src/hotspot/share/prims/jni.cpp, line 615]
Event: 1.626 Thread 0x0000021c7bdcb800 Exception <a 'java/lang/NoSuchMethodError'{0x00000000a708c6a8}: java.lang.invoke.DirectMethodHandle$Holder.invokeStaticInit(Ljava/lang/Object;Ljava/lang/Object;)I> (0x00000000a708c6a8) thrown at [t:/workspace/open/src/hotspot/share/interpreter/linkResolve
Event: 1.676 Thread 0x0000021c7bdcb800 Exception <a 'java/lang/NoSuchMethodError'{0x00000000a6d94540}: java.lang.invoke.DirectMethodHandle$Holder.invokeStaticInit(Ljava/lang/Object;Ljava/lang/Object;Ljava/lang/Object;)I> (0x00000000a6d94540) thrown at [t:/workspace/open/src/hotspot/share/inter
Event: 1.680 Thread 0x0000021c7bdcb800 Exception <a 'java/lang/NoSuchMethodError'{0x00000000a6dc8fe8}: java.lang.invoke.DirectMethodHandle$Holder.invokeVirtual(Ljava/lang/Object;Ljava/lang/Object;Ljava/lang/Object;)Ljava/lang/Object;> (0x00000000a6dc8fe8) thrown at [t:/workspace/open/src/hotsp
Event: 1.687 Thread 0x0000021c7bdcb800 Exception <a 'java/lang/NoSuchMethodError'{0x00000000a6c12300}: java.lang.invoke.DirectMethodHandle$Holder.invokeSpecial(Ljava/lang/Object;Ljava/lang/Object;)V> (0x00000000a6c12300) thrown at [t:/workspace/open/src/hotspot/share/interpreter/linkResolver.c

Events (10 events):
Event: 1.770 loading class java/net/SocketInputStream
Event: 1.770 loading class java/net/SocketInputStream done
Event: 1.770 loading class java/net/Socket$3
Event: 1.770 loading class java/net/Socket$3 done
Event: 1.770 loading class java/net/SocketOutputStream
Event: 1.771 loading class java/net/SocketOutputStream done
Event: 1.772 loading class sun/rmi/transport/tcp/TCPChannel
Event: 1.772 loading class sun/rmi/transport/Channel
Event: 1.772 loading class sun/rmi/transport/Channel done
Event: 1.772 loading class sun/rmi/transport/tcp/TCPChannel done


Dynamic libraries:
0x00007ff626b30000 - 0x00007ff626b77000 	C:\Program Files\Java\jdk-11.0.6\bin\javaw.exe
0x00007ff9769e0000 - 0x00007ff976bd0000 	C:\WINDOWS\SYSTEM32\ntdll.dll
0x00007ff976120000 - 0x00007ff9761d2000 	C:\WINDOWS\System32\KERNEL32.DLL
0x00007ff9743d0000 - 0x00007ff974673000 	C:\WINDOWS\System32\KERNELBASE.dll
0x00007ff975760000 - 0x00007ff975803000 	C:\WINDOWS\System32\ADVAPI32.dll
0x00007ff9761f0000 - 0x00007ff97628e000 	C:\WINDOWS\System32\msvcrt.dll
0x00007ff974a90000 - 0x00007ff974b27000 	C:\WINDOWS\System32\sechost.dll
0x00007ff976290000 - 0x00007ff9763b0000 	C:\WINDOWS\System32\RPCRT4.dll
0x00007ff975220000 - 0x00007ff9753b4000 	C:\WINDOWS\System32\USER32.dll
0x00007ff974680000 - 0x00007ff9746a1000 	C:\WINDOWS\System32\win32u.dll
0x00007ff9755d0000 - 0x00007ff9755f6000 	C:\WINDOWS\System32\GDI32.dll
0x00007ff973970000 - 0x00007ff973b04000 	C:\WINDOWS\System32\gdi32full.dll
0x00007ff973b10000 - 0x00007ff973bae000 	C:\WINDOWS\System32\msvcp_win.dll
0x00007ff9748e0000 - 0x00007ff9749da000 	C:\WINDOWS\System32\ucrtbase.dll
0x00007ff968420000 - 0x00007ff9686a5000 	C:\WINDOWS\WinSxS\amd64_microsoft.windows.common-controls_6595b64144ccf1df_6.0.18362.778_none_e6c6b761130d4fb8\COMCTL32.dll
0x00007ff9763c0000 - 0x00007ff9766f6000 	C:\WINDOWS\System32\combase.dll
0x00007ff96b860000 - 0x00007ff96b86a000 	C:\WINDOWS\SYSTEM32\VERSION.dll
0x00007ff974860000 - 0x00007ff9748e0000 	C:\WINDOWS\System32\bcryptPrimitives.dll
0x00007ff975f90000 - 0x00007ff975fbe000 	C:\WINDOWS\System32\IMM32.DLL
0x00007ff945630000 - 0x00007ff945646000 	C:\Program Files\Java\jdk-11.0.6\bin\vcruntime140.dll
0x00007ff92c450000 - 0x00007ff92c4fa000 	C:\Program Files\Java\jdk-11.0.6\bin\msvcp140.dll
0x00007ff91fa10000 - 0x00007ff920539000 	C:\Program Files\Java\jdk-11.0.6\bin\server\jvm.dll
0x00007ff9761e0000 - 0x00007ff9761e8000 	C:\WINDOWS\System32\PSAPI.DLL
0x00007ff9723b0000 - 0x00007ff9723b9000 	C:\WINDOWS\SYSTEM32\WSOCK32.dll
0x00007ff970d40000 - 0x00007ff970d64000 	C:\WINDOWS\SYSTEM32\WINMM.dll
0x00007ff9758e0000 - 0x00007ff97594f000 	C:\WINDOWS\System32\WS2_32.dll
0x00007ff9708b0000 - 0x00007ff9708dd000 	C:\WINDOWS\SYSTEM32\WINMMBASE.dll
0x00007ff974380000 - 0x00007ff9743ca000 	C:\WINDOWS\System32\cfgmgr32.dll
0x00007ff9738b0000 - 0x00007ff9738c1000 	C:\WINDOWS\System32\kernel.appcore.dll
0x00007ff954c90000 - 0x00007ff954ca1000 	C:\Program Files\Java\jdk-11.0.6\bin\verify.dll
0x00007ff972190000 - 0x00007ff972384000 	C:\WINDOWS\SYSTEM32\DBGHELP.DLL
0x00007ff95e690000 - 0x00007ff95e6ba000 	C:\WINDOWS\SYSTEM32\dbgcore.DLL
0x00007ff952850000 - 0x00007ff952879000 	C:\Program Files\Java\jdk-11.0.6\bin\java.dll
0x00007ff954c70000 - 0x00007ff954c86000 	C:\Program Files\Java\jdk-11.0.6\bin\zip.dll
0x00007ff955bd0000 - 0x00007ff955bda000 	C:\Program Files\Java\jdk-11.0.6\bin\jimage.dll
0x00007ff974b30000 - 0x00007ff975215000 	C:\WINDOWS\System32\SHELL32.dll
0x00007ff9759b0000 - 0x00007ff975a59000 	C:\WINDOWS\System32\shcore.dll
0x00007ff973be0000 - 0x00007ff974360000 	C:\WINDOWS\System32\windows.storage.dll
0x00007ff9738d0000 - 0x00007ff9738f3000 	C:\WINDOWS\System32\profapi.dll
0x00007ff973900000 - 0x00007ff97394a000 	C:\WINDOWS\System32\powrprof.dll
0x00007ff9738a0000 - 0x00007ff9738b0000 	C:\WINDOWS\System32\UMPDC.dll
0x00007ff975700000 - 0x00007ff975752000 	C:\WINDOWS\System32\shlwapi.dll
0x00007ff974360000 - 0x00007ff974377000 	C:\WINDOWS\System32\cryptsp.dll
0x00007ff952930000 - 0x00007ff952949000 	C:\Program Files\Java\jdk-11.0.6\bin\net.dll
0x00007ff9661a0000 - 0x00007ff966290000 	C:\WINDOWS\SYSTEM32\WINHTTP.dll
0x00007ff973110000 - 0x00007ff973177000 	C:\WINDOWS\system32\mswsock.dll
0x00007ff94e000000 - 0x00007ff94e013000 	C:\Program Files\Java\jdk-11.0.6\bin\nio.dll
0x00007ff96f350000 - 0x00007ff96f359000 	C:\Program Files\Java\jdk-11.0.6\bin\management.dll
0x00007ff954db0000 - 0x00007ff954dbc000 	C:\Program Files\Java\jdk-11.0.6\bin\management_ext.dll
0x00007ff95a230000 - 0x00007ff95a246000 	C:\WINDOWS\system32\napinsp.dll
0x00007ff959d60000 - 0x00007ff959d7a000 	C:\WINDOWS\system32\pnrpnsp.dll
0x00007ff972e60000 - 0x00007ff972f2a000 	C:\WINDOWS\SYSTEM32\DNSAPI.dll
0x00007ff975ed0000 - 0x00007ff975ed8000 	C:\WINDOWS\System32\NSI.dll
0x00007ff972e20000 - 0x00007ff972e5a000 	C:\WINDOWS\SYSTEM32\IPHLPAPI.DLL
0x00007ff95a540000 - 0x00007ff95a54e000 	C:\WINDOWS\System32\winrnr.dll
0x00007ff96fe50000 - 0x00007ff96fe6c000 	C:\WINDOWS\system32\NLAapi.dll
0x00007ff959d40000 - 0x00007ff959d55000 	C:\WINDOWS\system32\wshbth.dll
0x00007ff967ce0000 - 0x00007ff967cea000 	C:\Windows\System32\rasadhlp.dll
0x00007ff9689e0000 - 0x00007ff968a57000 	C:\WINDOWS\System32\fwpuclnt.dll
0x00007ff973bb0000 - 0x00007ff973bd6000 	C:\WINDOWS\System32\bcrypt.dll
0x00007ff972c80000 - 0x00007ff972cb3000 	C:\WINDOWS\system32\rsaenh.dll
0x00007ff973790000 - 0x00007ff9737b5000 	C:\WINDOWS\SYSTEM32\USERENV.dll
0x00007ff9732e0000 - 0x00007ff9732ec000 	C:\WINDOWS\SYSTEM32\CRYPTBASE.dll
0x00007ff968ac0000 - 0x00007ff968ad6000 	C:\WINDOWS\SYSTEM32\dhcpcsvc6.DLL
0x00007ff9693d0000 - 0x00007ff9693ec000 	C:\WINDOWS\SYSTEM32\dhcpcsvc.DLL

dbghelp: loaded successfully - version: 4.0.5 - missing functions: none
symbol engine: initialized successfully - sym options: 0x614 - pdb path: .;C:\Program Files\Java\jdk-11.0.6\bin;C:\WINDOWS\SYSTEM32;C:\WINDOWS\WinSxS\amd64_microsoft.windows.common-controls_6595b64144ccf1df_6.0.18362.778_none_e6c6b761130d4fb8;C:\Program Files\Java\jdk-11.0.6\bin\server

VM Arguments:
jvm_args: -Dcom.sun.management.jmxremote -Dcom.sun.management.jmxremote.port=51608 -Dcom.sun.management.jmxremote.authenticate=false -Dcom.sun.management.jmxremote.ssl=false -Djava.rmi.server.hostname=localhost -Dspring.jmx.enabled=true -Dspring.application.admin.enabled=true -Xverify:none -XX:TieredStopAtLevel=1 -Dspring.boot.project.name=cursomc -Dfile.encoding=UTF-8 
java_command: br.com.diego.cursomc.CursomcApplication --spring.output.ansi.enabled=always
java_class_path (initial): C:\Users\Diego\Documents\ws_sts\spring-boot-ionic-backend\cursomc\target\classes;C:\Users\Diego\.m2\repository\org\springframework\boot\spring-boot-starter-web\2.2.6.RELEASE\spring-boot-starter-web-2.2.6.RELEASE.jar;C:\Users\Diego\.m2\repository\org\springframework\boot\spring-boot-starter\2.2.6.RELEASE\spring-boot-starter-2.2.6.RELEASE.jar;C:\Users\Diego\.m2\repository\org\springframework\boot\spring-boot-starter-logging\2.2.6.RELEASE\spring-boot-starter-logging-2.2.6.RELEASE.jar;C:\Users\Diego\.m2\repository\ch\qos\logback\logback-classic\1.2.3\logback-classic-1.2.3.jar;C:\Users\Diego\.m2\repository\ch\qos\logback\logback-core\1.2.3\logback-core-1.2.3.jar;C:\Users\Diego\.m2\repository\org\apache\logging\log4j\log4j-to-slf4j\2.12.1\log4j-to-slf4j-2.12.1.jar;C:\Users\Diego\.m2\repository\org\apache\logging\log4j\log4j-api\2.12.1\log4j-api-2.12.1.jar;C:\Users\Diego\.m2\repository\org\slf4j\jul-to-slf4j\1.7.30\jul-to-slf4j-1.7.30.jar;C:\Users\Diego\.m2\repository\jakarta\annotation\jakarta.annotation-api\1.3.5\jakarta.annotation-api-1.3.5.jar;C:\Users\Diego\.m2\repository\org\yaml\snakeyaml\1.25\snakeyaml-1.25.jar;C:\Users\Diego\.m2\repository\org\springframework\boot\spring-boot-starter-json\2.2.6.RELEASE\spring-boot-starter-json-2.2.6.RELEASE.jar;C:\Users\Diego\.m2\repository\com\fasterxml\jackson\datatype\jackson-datatype-jdk8\2.10.3\jackson-datatype-jdk8-2.10.3.jar;C:\Users\Diego\.m2\repository\com\fasterxml\jackson\datatype\jackson-datatype-jsr310\2.10.3\jackson-datatype-jsr310-2.10.3.jar;C:\Users\Diego\.m2\repository\com\fasterxml\jackson\module\jackson-module-parameter-names\2.10.3\jackson-module-parameter-names-2.10.3.jar;C:\Users\Diego\.m2\repository\org\springframework\boot\spring-boot-starter-tomcat\2.2.6.RELEASE\spring-boot-starter-tomcat-2.2.6.RELEASE.jar;C:\Users\Diego\.m2\repository\org\apache\tomcat\embed\tomcat-embed-core\9.0.33\tomcat-embed-core-9.0.33.jar;C:\Users\Diego\.m2\repository\org\apache\tomcat\embed\tomcat-embed
Launcher Type: SUN_STANDARD

[Global flags]
     bool BytecodeVerificationLocal                = false                                     {product} {command line}
     bool BytecodeVerificationRemote               = false                                     {product} {command line}
     intx CICompilerCount                          = 3                                         {product} {ergonomic}
     uint ConcGCThreads                            = 1                                         {product} {ergonomic}
     uint G1ConcRefinementThreads                  = 4                                         {product} {ergonomic}
   size_t G1HeapRegionSize                         = 1048576                                   {product} {ergonomic}
    uintx GCDrainStackTargetSize                   = 64                                        {product} {ergonomic}
   size_t InitialHeapSize                          = 100663296                                 {product} {ergonomic}
     bool ManagementServer                         = true                                      {product} {command line}
   size_t MarkStackSize                            = 4194304                                   {product} {ergonomic}
   size_t MaxHeapSize                              = 1581252608                                {product} {ergonomic}
   size_t MaxNewSize                               = 947912704                                 {product} {ergonomic}
   size_t MinHeapDeltaBytes                        = 1048576                                   {product} {ergonomic}
    uintx NonNMethodCodeHeapSize                   = 6973028                                {pd product} {ergonomic}
    uintx NonProfiledCodeHeapSize                  = 244685212                              {pd product} {ergonomic}
    uintx ProfiledCodeHeapSize                     = 0                                      {pd product} {ergonomic}
    uintx ReservedCodeCacheSize                    = 251658240                              {pd product} {ergonomic}
     bool SegmentedCodeCache                       = true                                      {product} {ergonomic}
     intx TieredStopAtLevel                        = 1                                         {product} {command line}
     bool UseCompressedClassPointers               = true                                 {lp64_product} {ergonomic}
     bool UseCompressedOops                        = true                                 {lp64_product} {ergonomic}
     bool UseG1GC                                  = true                                      {product} {ergonomic}
     bool UseLargePagesIndividualAllocation        = false                                  {pd product} {ergonomic}

Logging:
Log output configuration:
 #0: stdout all=warning uptime,level,tags
 #1: stderr all=off uptime,level,tags

Environment Variables:
JAVA_HOME=C:\Program Files\Java\jdk-11.0.6
CLASSPATH=;C:\Program Files\Java\jdk-11.0.6\lib;C:\Program Files\Java\jdk-11.0.6\lib\tools.jar;C:\Program Files\Java\jdk-11.0.6\lib\dt.jar;C:\Program Files\Java\jdk-11.0.6\lib\htmlconverter.jar;C:\Program Files\Java\jdk-11.0.6\jre\lib;C:\Program Files\Java\jdk-11.0.6\jre\lib\rt.jar;
PATH=C:/Program Files/Java/jdk-11.0.6/bin/server;C:/Program Files/Java/jdk-11.0.6/bin;C:\ProgramData\Oracle\Java\javapath;C:\WINDOWS\system32;C:\WINDOWS;C:\WINDOWS\System32\Wbem;C:\WINDOWS\System32\WindowsPowerShell\v1.0\;C:\PostgreSQL\pg96\bin;C:\Program Files\Condusiv Technologies\ExpressCache\;C:\WINDOWS\System32\OpenSSH\;C:\xampp\mysql\bin;C:\Program Files\Java\jdk-11.0.6\bin;C:\Users\Diego\AppData\Local\Microsoft\WindowsApps;C:\Users\Diego\AppData\Local\GitHubDesktop\bin;C:\Users\Diego\AppData\Local\Microsoft\WindowsApps;C:\Program Files\heroku\bin;C:\Users\Diego\Desktop\sts-4.6.0.RELEASE;
USERNAME=Diego
OS=Windows_NT
PROCESSOR_IDENTIFIER=Intel64 Family 6 Model 58 Stepping 9, GenuineIntel



---------------  S Y S T E M  ---------------

OS: Windows 10 , 64 bit Build 18362 (10.0.18362.778)

CPU:total 4 (initial active 4) (2 cores per cpu, 2 threads per core) family 6 model 58 stepping 9, cmov, cx8, fxsr, mmx, sse, sse2, sse3, ssse3, sse4.1, sse4.2, popcnt, avx, aes, clmul, erms, ht, tsc, tscinvbit, tscinv

Memory: 4k page, system-wide physical 6029M (1089M free)
TotalPageFile size 7437M (AvailPageFile size 1308M)
current process WorkingSet (physical memory assigned to process): 94M, peak: 94M
current process commit charge ("private bytes"): 189M, peak: 189M

vm_info: Java HotSpot(TM) 64-Bit Server VM (11.0.6+8-LTS) for windows-amd64 JRE (11.0.6+8-LTS), built on Dec 11 2019 09:17:57 by "mach5one" with MS VC++ 15.5 (VS2017)

END.
