#
# A fatal error has been detected by the Java Runtime Environment:
#
#  EXCEPTION_ACCESS_VIOLATION (0xc0000005) at pc=0x00007ff8a3aff475, pid=588, tid=5512
#
# JRE version: Java(TM) SE Runtime Environment (11.0.6+8) (build 11.0.6+8-LTS)
# Java VM: Java HotSpot(TM) 64-Bit Server VM (11.0.6+8-LTS, mixed mode, tiered, compressed oops, g1 gc, windows-amd64)
# Problematic frame:
# V  [jvm.dll+0x65f475]
#
# No core dump will be written. Minidumps are not enabled by default on client versions of Windows
#
# If you would like to submit a bug report, please visit:
#   http://bugreport.java.com/bugreport/crash.jsp
#

---------------  S U M M A R Y ------------

Command Line: -Dcom.sun.management.jmxremote -Dcom.sun.management.jmxremote.port=50847 -Dcom.sun.management.jmxremote.authenticate=false -Dcom.sun.management.jmxremote.ssl=false -Djava.rmi.server.hostname=localhost -Dspring.jmx.enabled=true -Dspring.application.admin.enabled=true -Xverify:none -XX:TieredStopAtLevel=1 -Dspring.boot.project.name=cursomc -Dfile.encoding=UTF-8 br.com.diego.cursomc.CursomcApplication --spring.output.ansi.enabled=always

Host: Intel(R) Core(TM) i5-3317U CPU @ 1.70GHz, 4 cores, 5G,  Windows 10 , 64 bit Build 18362 (10.0.18362.778)
Time: Fri May  1 17:31:47 2020 Hora oficial do Brasil elapsed time: 1 seconds (0d 0h 0m 1s)

---------------  T H R E A D  ---------------

Current thread (0x0000021cfa77d800):  WatcherThread [stack: 0x000000876ae00000,0x000000876af00000] [id=5512]

Stack: [0x000000876ae00000,0x000000876af00000],  sp=0x000000876aeff720,  free space=1021k
Native frames: (J=compiled Java code, j=interpreted, Vv=VM code, C=native code)
V  [jvm.dll+0x65f475]
V  [jvm.dll+0x6c885f]
V  [jvm.dll+0x714d0d]
V  [jvm.dll+0x73ab89]
V  [jvm.dll+0x733905]
V  [jvm.dll+0x635846]
C  [ucrtbase.dll+0x20e72]
C  [KERNEL32.DLL+0x17bd4]
C  [ntdll.dll+0x6ce51]


siginfo: EXCEPTION_ACCESS_VIOLATION (0xc0000005), reading address 0x0000000400000003


Register to memory mapping:

RIP=0x00007ff8a3aff475 jvm.dll
RAX=0x0000000400000003 is an unknown value
RBX=0x0000021cfa6e3820 points into unknown readable memory: 50 ca d6 a3 f8 7f 00 00
RCX=0x0000021cfa6faa70 points into unknown readable memory: 03 00 00 00 04 00 00 00
RDX=0x0000000000000032 is an unknown value
RSP=0x000000876aeff720 points into unknown readable memory: 60 b3 d3 d9 1c 02 00 00
RBP=0x0000000000000002 is an unknown value
RSI=0x0000021cfa6faa30 points into unknown readable memory: a0 fa 6a fa 1c 02 00 00
RDI=0x0 is NULL
R8 =0x0000000000000031 is an unknown value
R9 =0x0000021ce38a0b80 is at begin+0 in a stub
StubRoutines::atomic_cmpxchg_long [0x0000021ce38a0b80, 0x0000021ce38a0b89[ (9 bytes)
R10=0x00000000546c6148 is an unknown value
R11=0x00000019b80697e2 is an unknown value
R12=0x0 is NULL
R13=0x0000021cfa77d800 points into unknown readable memory: a8 a3 d7 a3 f8 7f 00 00
R14=0x0000000000000001 is an unknown value
R15=0x0000021cfa685280 points into unknown readable memory: 00 00 00 00 00 00 00 00


Registers:
RAX=0x0000000400000003, RBX=0x0000021cfa6e3820, RCX=0x0000021cfa6faa70, RDX=0x0000000000000032
RSP=0x000000876aeff720, RBP=0x0000000000000002, RSI=0x0000021cfa6faa30, RDI=0x0000000000000000
R8 =0x0000000000000031, R9 =0x0000021ce38a0b80, R10=0x00000000546c6148, R11=0x00000019b80697e2
R12=0x0000000000000000, R13=0x0000021cfa77d800, R14=0x0000000000000001, R15=0x0000021cfa685280
RIP=0x00007ff8a3aff475, EFLAGS=0x0000000000010202

Top of Stack: (sp=0x000000876aeff720)
0x000000876aeff720:   0000021cd9d3b360 0000000000000ac8
0x000000876aeff730:   0000000000000001 00007ff8a3aa8920
0x000000876aeff740:   0000000000000000 00007ff8a3b6885f
0x000000876aeff750:   0000021cfa77d800 0000021cfa77d800
0x000000876aeff760:   000017f4e35eeb98 00007ff8a3aa93a9
0x000000876aeff770:   00007ff8a3f157d8 00007ff8a3bb4d0d
0x000000876aeff780:   0000000000000001 0000021cd9d3b360
0x000000876aeff790:   0000021cd9d3b360 431bde82d7b634db
0x000000876aeff7a0:   0000021cfa685280 000017f4e35eeb98
0x000000876aeff7b0:   0000021cd9d3b360 00007ff8a3bdab89
0x000000876aeff7c0:   0000000000000001 0000000000000001
0x000000876aeff7d0:   0000000000000001 0000000000000002
0x000000876aeff7e0:   000000876aeff880 0000000000000000
0x000000876aeff7f0:   00007ff8e1900000 00007ff8e19717d3
0x000000876aeff800:   0000000000000000 00007ff8e1900000
0x000000876aeff810:   0000000000000000 000000876958c000 

Instructions: (pc=0x00007ff8a3aff475)
0x00007ff8a3aff455:   70 48 83 c4 50 5f c3 cc cc cc cc 40 53 48 83 ec
0x00007ff8a3aff465:   20 48 8b d9 48 8b 49 38 48 85 c9 74 0c 48 8b 01
0x00007ff8a3aff475:   ff 10 48 8b 4b 28 48 89 01 48 83 c4 20 5b c3 cc
0x00007ff8a3aff485:   cc cc cc cc cc cc cc cc cc cc cc 48 89 5c 24 08 


Stack slot to memory mapping:
stack at sp + 0 slots: 0x0000021cd9d3b360 points into unknown readable memory: 01 00 00 00 00 00 00 00
stack at sp + 1 slots: 0x0000000000000ac8 is an unknown value
stack at sp + 2 slots: 0x0000000000000001 is an unknown value
stack at sp + 3 slots: 0x00007ff8a3aa8920 jvm.dll
stack at sp + 4 slots: 0x0 is NULL
stack at sp + 5 slots: 0x00007ff8a3b6885f jvm.dll
stack at sp + 6 slots: 0x0000021cfa77d800 points into unknown readable memory: a8 a3 d7 a3 f8 7f 00 00
stack at sp + 7 slots: 0x0000021cfa77d800 points into unknown readable memory: a8 a3 d7 a3 f8 7f 00 00


---------------  P R O C E S S  ---------------

Threads class SMR info:
_java_thread_list=0x0000021cf9842340, length=15, elements={
0x0000021cd9d3c800, 0x0000021cf8d31000, 0x0000021cf8d3b000, 0x0000021cf96c2800,
0x0000021cf8d2c000, 0x0000021cf8d3d000, 0x0000021cf8d44000, 0x0000021cd9df9000,
0x0000021cf98bd800, 0x0000021cfa6c6000, 0x0000021cfa6fa000, 0x0000021cfa6f0800,
0x0000021cfa76f800, 0x0000021cfa78e000, 0x0000021cfa78f000
}

Java Threads: ( => current thread )
  0x0000021cd9d3c800 JavaThread "main" [_thread_blocked, id=3588, stack(0x0000008769a00000,0x0000008769b00000)]
  0x0000021cf8d31000 JavaThread "Reference Handler" daemon [_thread_blocked, id=7028, stack(0x000000876a100000,0x000000876a200000)]
  0x0000021cf8d3b000 JavaThread "Finalizer" daemon [_thread_blocked, id=3284, stack(0x000000876a200000,0x000000876a300000)]
  0x0000021cf96c2800 JavaThread "Signal Dispatcher" daemon [_thread_blocked, id=8864, stack(0x000000876a300000,0x000000876a400000)]
  0x0000021cf8d2c000 JavaThread "Attach Listener" daemon [_thread_blocked, id=11156, stack(0x000000876a400000,0x000000876a500000)]
  0x0000021cf8d3d000 JavaThread "C1 CompilerThread0" daemon [_thread_in_vm, id=9952, stack(0x000000876a500000,0x000000876a600000)]
  0x0000021cf8d44000 JavaThread "Sweeper thread" daemon [_thread_blocked, id=9932, stack(0x000000876a600000,0x000000876a700000)]
  0x0000021cd9df9000 JavaThread "Common-Cleaner" daemon [_thread_blocked, id=2572, stack(0x000000876a700000,0x000000876a800000)]
  0x0000021cf98bd800 JavaThread "Service Thread" daemon [_thread_blocked, id=3808, stack(0x000000876a800000,0x000000876a900000)]
  0x0000021cfa6c6000 JavaThread "RMI TCP Accept-0" daemon [_thread_in_native, id=248, stack(0x000000876aa00000,0x000000876ab00000)]
  0x0000021cfa6fa000 JavaThread "RMI TCP Accept-50847" daemon [_thread_in_native, id=9476, stack(0x000000876ab00000,0x000000876ac00000)]
  0x0000021cfa6f0800 JavaThread "RMI TCP Connection(1)-127.0.0.1" daemon [_thread_in_native, id=6416, stack(0x000000876ac00000,0x000000876ad00000)]
  0x0000021cfa76f800 JavaThread "RMI TCP Accept-0" daemon [_thread_in_native, id=6692, stack(0x000000876ad00000,0x000000876ae00000)]
  0x0000021cfa78e000 JavaThread "RMI Scheduler(0)" daemon [_thread_blocked, id=5656, stack(0x000000876af00000,0x000000876b000000)]
  0x0000021cfa78f000 JavaThread "RMI TCP Connection(idle)" daemon [_thread_blocked, id=8896, stack(0x000000876b000000,0x000000876b100000)]

Other Threads:
  0x0000021cf8cf6800 VMThread "VM Thread" [stack: 0x000000876a000000,0x000000876a100000] [id=8084]
=>0x0000021cfa77d800 WatcherThread [stack: 0x000000876ae00000,0x000000876af00000] [id=5512]
  0x0000021cd9d54800 GCTaskThread "GC Thread#0" [stack: 0x0000008769b00000,0x0000008769c00000] [id=10428]
  0x0000021cfa298800 GCTaskThread "GC Thread#1" [stack: 0x000000876a900000,0x000000876aa00000] [id=8680]
  0x0000021cd9d78800 ConcurrentGCThread "G1 Main Marker" [stack: 0x0000008769c00000,0x0000008769d00000] [id=11052]
  0x0000021cd9d7c800 ConcurrentGCThread "G1 Conc#0" [stack: 0x0000008769d00000,0x0000008769e00000] [id=3276]
  0x0000021cd9dee000 ConcurrentGCThread "G1 Refine#0" [stack: 0x0000008769e00000,0x0000008769f00000] [id=4292]
  0x0000021cd9def000 ConcurrentGCThread "G1 Young RemSet Sampling" [stack: 0x0000008769f00000,0x000000876a000000] [id=3744]

Threads with active compile tasks:
C1 CompilerThread01077   !   1       java.nio.DirectIntBufferU::get (29 bytes)

VM state:synchronizing (normal execution)

VM Mutex/Monitor currently owned by a thread:  ([mutex/lock_event])
[0x0000021cd9d3b6c0] Threads_lock - owner thread: 0x0000021cf8cf6800
[0x0000021cd9d3b360] PeriodicTask_lock - owner thread: 0x0000021cfa77d800

Heap address: 0x00000000a1c00000, size: 1508 MB, Compressed Oops mode: 32-bit
Narrow klass base: 0x0000000000000000, Narrow klass shift: 3
Compressed class space size: 1073741824 Address: 0x0000000100000000

Heap:
 garbage-first heap   total 98304K, used 22050K [0x00000000a1c00000, 0x0000000100000000)
  region size 1024K, 7 young (7168K), 2 survivors (2048K)
 Metaspace       used 12432K, capacity 12794K, committed 13056K, reserved 1060864K
  class space    used 1320K, capacity 1461K, committed 1536K, reserved 1048576K
Heap Regions: E=young(eden), S=young(survivor), O=old, HS=humongous(starts), HC=humongous(continues), CS=collection set, F=free, A=archive, TAMS=top-at-mark-start (previous, next)
|   0|0x00000000a1c00000, 0x00000000a1d00000, 0x00000000a1d00000|100%|HS|  |TAMS 0x00000000a1c00000, 0x00000000a1c00000| Complete 
|   1|0x00000000a1d00000, 0x00000000a1e00000, 0x00000000a1e00000|100%| O|  |TAMS 0x00000000a1d00000, 0x00000000a1d00000| Untracked 
|   2|0x00000000a1e00000, 0x00000000a1f00000, 0x00000000a1f00000|100%| O|  |TAMS 0x00000000a1e00000, 0x00000000a1e00000| Untracked 
|   3|0x00000000a1f00000, 0x00000000a2000000, 0x00000000a2000000|100%| O|  |TAMS 0x00000000a1f00000, 0x00000000a1f00000| Untracked 
|   4|0x00000000a2000000, 0x00000000a2100000, 0x00000000a2100000|100%| O|  |TAMS 0x00000000a2000000, 0x00000000a2000000| Untracked 
|   5|0x00000000a2100000, 0x00000000a2200000, 0x00000000a2200000|100%| O|  |TAMS 0x00000000a2100000, 0x00000000a2100000| Untracked 
|   6|0x00000000a2200000, 0x00000000a2300000, 0x00000000a2300000|100%| O|  |TAMS 0x00000000a2200000, 0x00000000a2200000| Untracked 
|   7|0x00000000a2300000, 0x00000000a2400000, 0x00000000a2400000|100%| O|  |TAMS 0x00000000a2300000, 0x00000000a2300000| Untracked 
|   8|0x00000000a2400000, 0x00000000a2500000, 0x00000000a2500000|100%| O|  |TAMS 0x00000000a2400000, 0x00000000a2400000| Untracked 
|   9|0x00000000a2500000, 0x00000000a2600000, 0x00000000a2600000|100%| O|  |TAMS 0x00000000a2500000, 0x00000000a2500000| Untracked 
|  10|0x00000000a2600000, 0x00000000a2700000, 0x00000000a2700000|100%| O|  |TAMS 0x00000000a2600000, 0x00000000a2600000| Untracked 
|  11|0x00000000a2700000, 0x00000000a2800000, 0x00000000a2800000|100%| O|  |TAMS 0x00000000a2700000, 0x00000000a2700000| Untracked 
|  12|0x00000000a2800000, 0x00000000a2900000, 0x00000000a2900000|100%| O|  |TAMS 0x00000000a2800000, 0x00000000a2800000| Untracked 
|  13|0x00000000a2900000, 0x00000000a2a00000, 0x00000000a2a00000|100%| O|  |TAMS 0x00000000a2900000, 0x00000000a2900000| Untracked 
|  14|0x00000000a2a00000, 0x00000000a2b00000, 0x00000000a2b00000|100%| O|  |TAMS 0x00000000a2a00000, 0x00000000a2a00000| Untracked 
|  15|0x00000000a2b00000, 0x00000000a2b88800, 0x00000000a2c00000| 53%| O|  |TAMS 0x00000000a2b00000, 0x00000000a2b00000| Untracked 
|  16|0x00000000a2c00000, 0x00000000a2c00000, 0x00000000a2d00000|  0%| F|  |TAMS 0x00000000a2c00000, 0x00000000a2c00000| Untracked 
|  17|0x00000000a2d00000, 0x00000000a2d00000, 0x00000000a2e00000|  0%| F|  |TAMS 0x00000000a2d00000, 0x00000000a2d00000| Untracked 
|  18|0x00000000a2e00000, 0x00000000a2e00000, 0x00000000a2f00000|  0%| F|  |TAMS 0x00000000a2e00000, 0x00000000a2e00000| Untracked 
|  19|0x00000000a2f00000, 0x00000000a2f00000, 0x00000000a3000000|  0%| F|  |TAMS 0x00000000a2f00000, 0x00000000a2f00000| Untracked 
|  20|0x00000000a3000000, 0x00000000a3000000, 0x00000000a3100000|  0%| F|  |TAMS 0x00000000a3000000, 0x00000000a3000000| Untracked 
|  21|0x00000000a3100000, 0x00000000a3100000, 0x00000000a3200000|  0%| F|  |TAMS 0x00000000a3100000, 0x00000000a3100000| Untracked 
|  22|0x00000000a3200000, 0x00000000a3200000, 0x00000000a3300000|  0%| F|  |TAMS 0x00000000a3200000, 0x00000000a3200000| Untracked 
|  23|0x00000000a3300000, 0x00000000a3300000, 0x00000000a3400000|  0%| F|  |TAMS 0x00000000a3300000, 0x00000000a3300000| Untracked 
|  24|0x00000000a3400000, 0x00000000a3400000, 0x00000000a3500000|  0%| F|  |TAMS 0x00000000a3400000, 0x00000000a3400000| Untracked 
|  25|0x00000000a3500000, 0x00000000a3500000, 0x00000000a3600000|  0%| F|  |TAMS 0x00000000a3500000, 0x00000000a3500000| Untracked 
|  26|0x00000000a3600000, 0x00000000a3600000, 0x00000000a3700000|  0%| F|  |TAMS 0x00000000a3600000, 0x00000000a3600000| Untracked 
|  27|0x00000000a3700000, 0x00000000a3700000, 0x00000000a3800000|  0%| F|  |TAMS 0x00000000a3700000, 0x00000000a3700000| Untracked 
|  28|0x00000000a3800000, 0x00000000a3800000, 0x00000000a3900000|  0%| F|  |TAMS 0x00000000a3800000, 0x00000000a3800000| Untracked 
|  29|0x00000000a3900000, 0x00000000a3900000, 0x00000000a3a00000|  0%| F|  |TAMS 0x00000000a3900000, 0x00000000a3900000| Untracked 
|  30|0x00000000a3a00000, 0x00000000a3a00000, 0x00000000a3b00000|  0%| F|  |TAMS 0x00000000a3a00000, 0x00000000a3a00000| Untracked 
|  31|0x00000000a3b00000, 0x00000000a3b00000, 0x00000000a3c00000|  0%| F|  |TAMS 0x00000000a3b00000, 0x00000000a3b00000| Untracked 
|  32|0x00000000a3c00000, 0x00000000a3c00000, 0x00000000a3d00000|  0%| F|  |TAMS 0x00000000a3c00000, 0x00000000a3c00000| Untracked 
|  33|0x00000000a3d00000, 0x00000000a3d00000, 0x00000000a3e00000|  0%| F|  |TAMS 0x00000000a3d00000, 0x00000000a3d00000| Untracked 
|  34|0x00000000a3e00000, 0x00000000a3e00000, 0x00000000a3f00000|  0%| F|  |TAMS 0x00000000a3e00000, 0x00000000a3e00000| Untracked 
|  35|0x00000000a3f00000, 0x00000000a3f00000, 0x00000000a4000000|  0%| F|  |TAMS 0x00000000a3f00000, 0x00000000a3f00000| Untracked 
|  36|0x00000000a4000000, 0x00000000a4000000, 0x00000000a4100000|  0%| F|  |TAMS 0x00000000a4000000, 0x00000000a4000000| Untracked 
|  37|0x00000000a4100000, 0x00000000a4100000, 0x00000000a4200000|  0%| F|  |TAMS 0x00000000a4100000, 0x00000000a4100000| Untracked 
|  38|0x00000000a4200000, 0x00000000a4200000, 0x00000000a4300000|  0%| F|  |TAMS 0x00000000a4200000, 0x00000000a4200000| Untracked 
|  39|0x00000000a4300000, 0x00000000a4300000, 0x00000000a4400000|  0%| F|  |TAMS 0x00000000a4300000, 0x00000000a4300000| Untracked 
|  40|0x00000000a4400000, 0x00000000a4400000, 0x00000000a4500000|  0%| F|  |TAMS 0x00000000a4400000, 0x00000000a4400000| Untracked 
|  41|0x00000000a4500000, 0x00000000a4500000, 0x00000000a4600000|  0%| F|  |TAMS 0x00000000a4500000, 0x00000000a4500000| Untracked 
|  42|0x00000000a4600000, 0x00000000a4600000, 0x00000000a4700000|  0%| F|  |TAMS 0x00000000a4600000, 0x00000000a4600000| Untracked 
|  43|0x00000000a4700000, 0x00000000a4700000, 0x00000000a4800000|  0%| F|  |TAMS 0x00000000a4700000, 0x00000000a4700000| Untracked 
|  44|0x00000000a4800000, 0x00000000a4800000, 0x00000000a4900000|  0%| F|  |TAMS 0x00000000a4800000, 0x00000000a4800000| Untracked 
|  45|0x00000000a4900000, 0x00000000a4900000, 0x00000000a4a00000|  0%| F|  |TAMS 0x00000000a4900000, 0x00000000a4900000| Untracked 
|  46|0x00000000a4a00000, 0x00000000a4a00000, 0x00000000a4b00000|  0%| F|  |TAMS 0x00000000a4a00000, 0x00000000a4a00000| Untracked 
|  47|0x00000000a4b00000, 0x00000000a4b00000, 0x00000000a4c00000|  0%| F|  |TAMS 0x00000000a4b00000, 0x00000000a4b00000| Untracked 
|  48|0x00000000a4c00000, 0x00000000a4c00000, 0x00000000a4d00000|  0%| F|  |TAMS 0x00000000a4c00000, 0x00000000a4c00000| Untracked 
|  49|0x00000000a4d00000, 0x00000000a4d00000, 0x00000000a4e00000|  0%| F|  |TAMS 0x00000000a4d00000, 0x00000000a4d00000| Untracked 
|  50|0x00000000a4e00000, 0x00000000a4e00000, 0x00000000a4f00000|  0%| F|  |TAMS 0x00000000a4e00000, 0x00000000a4e00000| Untracked 
|  51|0x00000000a4f00000, 0x00000000a4f00000, 0x00000000a5000000|  0%| F|  |TAMS 0x00000000a4f00000, 0x00000000a4f00000| Untracked 
|  52|0x00000000a5000000, 0x00000000a5000000, 0x00000000a5100000|  0%| F|  |TAMS 0x00000000a5000000, 0x00000000a5000000| Untracked 
|  53|0x00000000a5100000, 0x00000000a5100000, 0x00000000a5200000|  0%| F|  |TAMS 0x00000000a5100000, 0x00000000a5100000| Untracked 
|  54|0x00000000a5200000, 0x00000000a5200000, 0x00000000a5300000|  0%| F|  |TAMS 0x00000000a5200000, 0x00000000a5200000| Untracked 
|  55|0x00000000a5300000, 0x00000000a5300000, 0x00000000a5400000|  0%| F|  |TAMS 0x00000000a5300000, 0x00000000a5300000| Untracked 
|  56|0x00000000a5400000, 0x00000000a5400000, 0x00000000a5500000|  0%| F|  |TAMS 0x00000000a5400000, 0x00000000a5400000| Untracked 
|  57|0x00000000a5500000, 0x00000000a5500000, 0x00000000a5600000|  0%| F|  |TAMS 0x00000000a5500000, 0x00000000a5500000| Untracked 
|  58|0x00000000a5600000, 0x00000000a5600000, 0x00000000a5700000|  0%| F|  |TAMS 0x00000000a5600000, 0x00000000a5600000| Untracked 
|  59|0x00000000a5700000, 0x00000000a5700000, 0x00000000a5800000|  0%| F|  |TAMS 0x00000000a5700000, 0x00000000a5700000| Untracked 
|  60|0x00000000a5800000, 0x00000000a5800000, 0x00000000a5900000|  0%| F|  |TAMS 0x00000000a5800000, 0x00000000a5800000| Untracked 
|  61|0x00000000a5900000, 0x00000000a5900000, 0x00000000a5a00000|  0%| F|  |TAMS 0x00000000a5900000, 0x00000000a5900000| Untracked 
|  62|0x00000000a5a00000, 0x00000000a5a00000, 0x00000000a5b00000|  0%| F|  |TAMS 0x00000000a5a00000, 0x00000000a5a00000| Untracked 
|  63|0x00000000a5b00000, 0x00000000a5b00000, 0x00000000a5c00000|  0%| F|  |TAMS 0x00000000a5b00000, 0x00000000a5b00000| Untracked 
|  64|0x00000000a5c00000, 0x00000000a5c00000, 0x00000000a5d00000|  0%| F|  |TAMS 0x00000000a5c00000, 0x00000000a5c00000| Untracked 
|  65|0x00000000a5d00000, 0x00000000a5d00000, 0x00000000a5e00000|  0%| F|  |TAMS 0x00000000a5d00000, 0x00000000a5d00000| Untracked 
|  66|0x00000000a5e00000, 0x00000000a5e00000, 0x00000000a5f00000|  0%| F|  |TAMS 0x00000000a5e00000, 0x00000000a5e00000| Untracked 
|  67|0x00000000a5f00000, 0x00000000a5f00000, 0x00000000a6000000|  0%| F|  |TAMS 0x00000000a5f00000, 0x00000000a5f00000| Untracked 
|  68|0x00000000a6000000, 0x00000000a6000000, 0x00000000a6100000|  0%| F|  |TAMS 0x00000000a6000000, 0x00000000a6000000| Untracked 
|  69|0x00000000a6100000, 0x00000000a6100000, 0x00000000a6200000|  0%| F|  |TAMS 0x00000000a6100000, 0x00000000a6100000| Untracked 
|  70|0x00000000a6200000, 0x00000000a6200000, 0x00000000a6300000|  0%| F|  |TAMS 0x00000000a6200000, 0x00000000a6200000| Untracked 
|  71|0x00000000a6300000, 0x00000000a6300000, 0x00000000a6400000|  0%| F|  |TAMS 0x00000000a6300000, 0x00000000a6300000| Untracked 
|  72|0x00000000a6400000, 0x00000000a6400000, 0x00000000a6500000|  0%| F|  |TAMS 0x00000000a6400000, 0x00000000a6400000| Untracked 
|  73|0x00000000a6500000, 0x00000000a6500000, 0x00000000a6600000|  0%| F|  |TAMS 0x00000000a6500000, 0x00000000a6500000| Untracked 
|  74|0x00000000a6600000, 0x00000000a6600000, 0x00000000a6700000|  0%| F|  |TAMS 0x00000000a6600000, 0x00000000a6600000| Untracked 
|  75|0x00000000a6700000, 0x00000000a6700000, 0x00000000a6800000|  0%| F|  |TAMS 0x00000000a6700000, 0x00000000a6700000| Untracked 
|  76|0x00000000a6800000, 0x00000000a6800000, 0x00000000a6900000|  0%| F|  |TAMS 0x00000000a6800000, 0x00000000a6800000| Untracked 
|  77|0x00000000a6900000, 0x00000000a6900000, 0x00000000a6a00000|  0%| F|  |TAMS 0x00000000a6900000, 0x00000000a6900000| Untracked 
|  78|0x00000000a6a00000, 0x00000000a6a00000, 0x00000000a6b00000|  0%| F|  |TAMS 0x00000000a6a00000, 0x00000000a6a00000| Untracked 
|  79|0x00000000a6b00000, 0x00000000a6b00000, 0x00000000a6c00000|  0%| F|  |TAMS 0x00000000a6b00000, 0x00000000a6b00000| Untracked 
|  80|0x00000000a6c00000, 0x00000000a6c00000, 0x00000000a6d00000|  0%| F|  |TAMS 0x00000000a6c00000, 0x00000000a6c00000| Untracked 
|  81|0x00000000a6d00000, 0x00000000a6d00000, 0x00000000a6e00000|  0%| F|  |TAMS 0x00000000a6d00000, 0x00000000a6d00000| Untracked 
|  82|0x00000000a6e00000, 0x00000000a6e00000, 0x00000000a6f00000|  0%| F|  |TAMS 0x00000000a6e00000, 0x00000000a6e00000| Untracked 
|  83|0x00000000a6f00000, 0x00000000a6f00000, 0x00000000a7000000|  0%| F|  |TAMS 0x00000000a6f00000, 0x00000000a6f00000| Untracked 
|  84|0x00000000a7000000, 0x00000000a7000000, 0x00000000a7100000|  0%| F|  |TAMS 0x00000000a7000000, 0x00000000a7000000| Untracked 
|  85|0x00000000a7100000, 0x00000000a7100000, 0x00000000a7200000|  0%| F|  |TAMS 0x00000000a7100000, 0x00000000a7100000| Untracked 
|  86|0x00000000a7200000, 0x00000000a7300000, 0x00000000a7300000|100%| S|CS|TAMS 0x00000000a7200000, 0x00000000a7200000| Complete 
|  87|0x00000000a7300000, 0x00000000a7400000, 0x00000000a7400000|100%| S|CS|TAMS 0x00000000a7300000, 0x00000000a7300000| Complete 
|  88|0x00000000a7400000, 0x00000000a7400000, 0x00000000a7500000|  0%| F|  |TAMS 0x00000000a7400000, 0x00000000a7400000| Untracked 
|  89|0x00000000a7500000, 0x00000000a7500000, 0x00000000a7600000|  0%| F|  |TAMS 0x00000000a7500000, 0x00000000a7500000| Untracked 
|  90|0x00000000a7600000, 0x00000000a7600000, 0x00000000a7700000|  0%| F|  |TAMS 0x00000000a7600000, 0x00000000a7600000| Untracked 
|  91|0x00000000a7700000, 0x00000000a77d7528, 0x00000000a7800000| 84%| E|  |TAMS 0x00000000a7700000, 0x00000000a7700000| Complete 
|  92|0x00000000a7800000, 0x00000000a7900000, 0x00000000a7900000|100%| E|CS|TAMS 0x00000000a7800000, 0x00000000a7800000| Complete 
|  93|0x00000000a7900000, 0x00000000a7a00000, 0x00000000a7a00000|100%| E|CS|TAMS 0x00000000a7900000, 0x00000000a7900000| Complete 
|  94|0x00000000a7a00000, 0x00000000a7b00000, 0x00000000a7b00000|100%| E|CS|TAMS 0x00000000a7a00000, 0x00000000a7a00000| Complete 
|  95|0x00000000a7b00000, 0x00000000a7c00000, 0x00000000a7c00000|100%| E|CS|TAMS 0x00000000a7b00000, 0x00000000a7b00000| Complete 

Card table byte_map: [0x0000021cf31d0000,0x0000021cf34d0000] _byte_map_base: 0x0000021cf2cc2000

Marking Bits (Prev, Next): (CMBitMap*) 0x0000021cd9d71e98, (CMBitMap*) 0x0000021cd9d71ed0
 Prev Bits: [0x0000021cf37d0000, 0x0000021cf4f60000)
 Next Bits: [0x0000021cf4f60000, 0x0000021cf66f0000)

Polling page: 0x0000021cd9e00000

Metaspace:

Usage:
  Non-class:     11.07 MB capacity,    10.85 MB ( 98%) used,   188.14 KB (  2%) free+waste,    32.94 KB ( <1%) overhead. 
      Class:      1.43 MB capacity,     1.29 MB ( 90%) used,   124.30 KB (  9%) free+waste,    16.44 KB (  1%) overhead. 
       Both:     12.49 MB capacity,    12.14 MB ( 97%) used,   312.45 KB (  2%) free+waste,    49.38 KB ( <1%) overhead. 

Virtual space:
  Non-class space:       12.00 MB reserved,      11.25 MB ( 94%) committed 
      Class space:        1.00 GB reserved,       1.50 MB ( <1%) committed 
             Both:        1.01 GB reserved,      12.75 MB (  1%) committed 

Chunk freelists:
   Non-Class:  0 bytes
       Class:  1.38 KB
        Both:  1.38 KB

CodeHeap 'non-profiled nmethods': size=238912Kb used=1493Kb max_used=1493Kb free=237418Kb
 bounds [0x0000021ce3f50000, 0x0000021ce41c0000, 0x0000021cf28a0000]
CodeHeap 'non-nmethods': size=6848Kb used=1099Kb max_used=1099Kb free=5748Kb
 bounds [0x0000021ce38a0000, 0x0000021ce3b10000, 0x0000021ce3f50000]
 total_blobs=1495 nmethods=1076 adapters=330
 compilation: enabled
              stopped_count=0, restarted_count=0
 full_count=0

Compilation events (10 events):
Event: 1.400 Thread 0x0000021cf8d3d000 1072       1       java.lang.PublicMethods$Key::matches (31 bytes)
Event: 1.401 Thread 0x0000021cf8d3d000 nmethod 1072 0x0000021ce40c3a90 code [0x0000021ce40c3c60, 0x0000021ce40c3e40]
Event: 1.402 Thread 0x0000021cf8d3d000 1073       1       java.nio.charset.Charset::lookup (44 bytes)
Event: 1.402 Thread 0x0000021cf8d3d000 nmethod 1073 0x0000021ce40c3f90 code [0x0000021ce40c4180, 0x0000021ce40c4450]
Event: 1.402 Thread 0x0000021cf8d3d000 1074       1       jdk.internal.org.objectweb.asm.MethodWriter::visitCode (1 bytes)
Event: 1.402 Thread 0x0000021cf8d3d000 nmethod 1074 0x0000021ce40c4610 code [0x0000021ce40c47c0, 0x0000021ce40c48d8]
Event: 1.404 Thread 0x0000021cf8d3d000 1075       1       java.nio.Buffer::<init> (99 bytes)
Event: 1.405 Thread 0x0000021cf8d3d000 nmethod 1075 0x0000021ce40c4990 code [0x0000021ce40c4be0, 0x0000021ce40c5160]
Event: 1.405 Thread 0x0000021cf8d3d000 1076       1       java.nio.ByteOrder::nativeOrder (4 bytes)
Event: 1.405 Thread 0x0000021cf8d3d000 nmethod 1076 0x0000021ce40c5410 code [0x0000021ce40c55c0, 0x0000021ce40c56b8]

GC Heap History (4 events):
Event: 0.740 GC heap before
{Heap before GC invocations=0 (full 0):
 garbage-first heap   total 98304K, used 14336K [0x00000000a1c00000, 0x0000000100000000)
  region size 1024K, 14 young (14336K), 0 survivors (0K)
 Metaspace       used 6162K, capacity 6238K, committed 6528K, reserved 1056768K
  class space    used 546K, capacity 567K, committed 640K, reserved 1048576K
}
Event: 0.750 GC heap after
{Heap after GC invocations=1 (full 0):
 garbage-first heap   total 98304K, used 12074K [0x00000000a1c00000, 0x0000000100000000)
  region size 1024K, 2 young (2048K), 2 survivors (2048K)
 Metaspace       used 6162K, capacity 6238K, committed 6528K, reserved 1056768K
  class space    used 546K, capacity 567K, committed 640K, reserved 1048576K
}
Event: 0.942 GC heap before
{Heap before GC invocations=1 (full 0):
 garbage-first heap   total 98304K, used 19242K [0x00000000a1c00000, 0x0000000100000000)
  region size 1024K, 10 young (10240K), 2 survivors (2048K)
 Metaspace       used 8504K, capacity 8701K, committed 8960K, reserved 1056768K
  class space    used 852K, capacity 926K, committed 1024K, reserved 1048576K
}
Event: 0.948 GC heap after
{Heap after GC invocations=2 (full 0):
 garbage-first heap   total 98304K, used 17954K [0x00000000a1c00000, 0x0000000100000000)
  region size 1024K, 2 young (2048K), 2 survivors (2048K)
 Metaspace       used 8504K, capacity 8701K, committed 8960K, reserved 1056768K
  class space    used 852K, capacity 926K, committed 1024K, reserved 1048576K
}

Deoptimization events (0 events):
No events

Classes redefined (0 events):
No events

Internal exceptions (10 events):
Event: 1.048 Thread 0x0000021cd9d3c800 Exception <a 'java/lang/NoSuchMethodError'{0x00000000a7a74770}: java.lang.invoke.DirectMethodHandle$Holder.invokeStatic(Ljava/lang/Object;IIII)Ljava/lang/Object;> (0x00000000a7a74770) thrown at [t:/workspace/open/src/hotspot/share/interpreter/linkResolver
Event: 1.049 Thread 0x0000021cd9d3c800 Exception <a 'java/lang/NoSuchMethodError'{0x00000000a7a77888}: java.lang.invoke.DirectMethodHandle$Holder.invokeStaticInit(Ljava/lang/Object;IIII)Ljava/lang/Object;> (0x00000000a7a77888) thrown at [t:/workspace/open/src/hotspot/share/interpreter/linkReso
Event: 1.322 Thread 0x0000021cd9d3c800 Exception <a 'java/lang/NoSuchMethodError'{0x00000000a7ad77c8}: java.lang.invoke.DirectMethodHandle$Holder.invokeStatic(Ljava/lang/Object;Ljava/lang/Object;IIII)Ljava/lang/Object;> (0x00000000a7ad77c8) thrown at [t:/workspace/open/src/hotspot/share/interp
Event: 1.322 Thread 0x0000021cd9d3c800 Exception <a 'java/lang/NoSuchMethodError'{0x00000000a7adab10}: java.lang.invoke.DirectMethodHandle$Holder.invokeStaticInit(Ljava/lang/Object;Ljava/lang/Object;IIII)Ljava/lang/Object;> (0x00000000a7adab10) thrown at [t:/workspace/open/src/hotspot/share/in
Event: 1.334 Thread 0x0000021cd9d3c800 Exception <a 'java/lang/ClassNotFoundException'{0x00000000a7af8070}: javax/management/remote/rmi/RMIServerImpl_Skel> (0x00000000a7af8070) thrown at [t:/workspace/open/src/hotspot/share/classfile/systemDictionary.cpp, line 231]
Event: 1.379 Thread 0x0000021cd9d3c800 Exception <a 'java/lang/ClassNotFoundException'{0x00000000a79c8890}: jdk/internal/agent/resources/spi/agentProvider> (0x00000000a79c8890) thrown at [t:/workspace/open/src/hotspot/share/classfile/systemDictionary.cpp, line 231]
Event: 1.388 Thread 0x0000021cd9d3c800 Exception <a 'java/lang/NoSuchMethodError'{0x00000000a781e400}: java.lang.invoke.DirectMethodHandle$Holder.invokeStatic(Ljava/lang/Object;Ljava/lang/Object;Ljava/lang/Object;Ljava/lang/Object;Ljava/lang/Object;Ljava/lang/Object;Ljava/lang/Object;Ljava/lan
Event: 1.389 Thread 0x0000021cd9d3c800 Exception <a 'java/lang/NoSuchMethodError'{0x00000000a782adc0}: java.lang.invoke.DirectMethodHandle$Holder.invokeStatic(Ljava/lang/Object;Ljava/lang/Object;Ljava/lang/Object;Ljava/lang/Object;Ljava/lang/Object;Ljava/lang/Object;Ljava/lang/Object;Ljava/lan
Event: 1.392 Thread 0x0000021cd9d3c800 Exception <a 'java/lang/NoSuchMethodError'{0x00000000a783d298}: java.lang.invoke.DelegatingMethodHandle$Holder.reinvoke_L(Ljava/lang/Object;ILjava/lang/Object;)Ljava/lang/Object;> (0x00000000a783d298) thrown at [t:/workspace/open/src/hotspot/share/interpr
Event: 1.392 Thread 0x0000021cfa6f0800 Exception <a 'java/lang/NoSuchMethodError'{0x00000000a7862a38}: java.lang.invoke.DelegatingMethodHandle$Holder.reinvoke_L(Ljava/lang/Object;ILjava/lang/Object;)Ljava/lang/Object;> (0x00000000a7862a38) thrown at [t:/workspace/open/src/hotspot/share/interpr

Events (10 events):
Event: 1.414 loading class java/util/concurrent/TimeUnit$1
Event: 1.414 loading class java/util/concurrent/TimeUnit$1 done
Event: 1.414 loading class java/time/temporal/ChronoUnit
Event: 1.414 loading class java/time/temporal/TemporalUnit
Event: 1.414 loading class java/time/temporal/TemporalUnit done
Event: 1.414 loading class java/time/temporal/ChronoUnit done
Event: 1.414 loading class org/apache/commons/logging/LogAdapter$1
Event: 1.414 loading class org/apache/commons/logging/LogAdapter$1 done
Event: 1.414 Thread 0x0000021cfa78f000 Thread added: 0x0000021cfa78f000
Event: 1.415 Executing VM operation: RevokeBias


Dynamic libraries:
0x00007ff74f530000 - 0x00007ff74f577000 	C:\Program Files\Java\jdk-11.0.6\bin\javaw.exe
0x00007ff8e1900000 - 0x00007ff8e1af0000 	C:\WINDOWS\SYSTEM32\ntdll.dll
0x00007ff8df9b0000 - 0x00007ff8dfa62000 	C:\WINDOWS\System32\KERNEL32.DLL
0x00007ff8ded60000 - 0x00007ff8df003000 	C:\WINDOWS\System32\KERNELBASE.dll
0x00007ff8e0ac0000 - 0x00007ff8e0b63000 	C:\WINDOWS\System32\ADVAPI32.dll
0x00007ff8e1270000 - 0x00007ff8e130e000 	C:\WINDOWS\System32\msvcrt.dll
0x00007ff8e08a0000 - 0x00007ff8e0937000 	C:\WINDOWS\System32\sechost.dll
0x00007ff8dfcb0000 - 0x00007ff8dfdd0000 	C:\WINDOWS\System32\RPCRT4.dll
0x00007ff8e0b80000 - 0x00007ff8e0d14000 	C:\WINDOWS\System32\USER32.dll
0x00007ff8dec30000 - 0x00007ff8dec51000 	C:\WINDOWS\System32\win32u.dll
0x00007ff8e1890000 - 0x00007ff8e18b6000 	C:\WINDOWS\System32\GDI32.dll
0x00007ff8dea90000 - 0x00007ff8dec24000 	C:\WINDOWS\System32\gdi32full.dll
0x00007ff8df090000 - 0x00007ff8df12e000 	C:\WINDOWS\System32\msvcp_win.dll
0x00007ff8dec60000 - 0x00007ff8ded5a000 	C:\WINDOWS\System32\ucrtbase.dll
0x00007ff8c47f0000 - 0x00007ff8c4a75000 	C:\WINDOWS\WinSxS\amd64_microsoft.windows.common-controls_6595b64144ccf1df_6.0.18362.778_none_e6c6b761130d4fb8\COMCTL32.dll
0x00007ff8e0d20000 - 0x00007ff8e1056000 	C:\WINDOWS\System32\combase.dll
0x00007ff8d4230000 - 0x00007ff8d423a000 	C:\WINDOWS\SYSTEM32\VERSION.dll
0x00007ff8df010000 - 0x00007ff8df090000 	C:\WINDOWS\System32\bcryptPrimitives.dll
0x00007ff8dfa70000 - 0x00007ff8dfa9e000 	C:\WINDOWS\System32\IMM32.DLL
0x00007ff8d8790000 - 0x00007ff8d87a6000 	C:\Program Files\Java\jdk-11.0.6\bin\vcruntime140.dll
0x00007ff8d86e0000 - 0x00007ff8d878a000 	C:\Program Files\Java\jdk-11.0.6\bin\msvcp140.dll
0x00007ff8a34a0000 - 0x00007ff8a3fc9000 	C:\Program Files\Java\jdk-11.0.6\bin\server\jvm.dll
0x00007ff8e0a50000 - 0x00007ff8e0a58000 	C:\WINDOWS\System32\PSAPI.DLL
0x00007ff8dd2d0000 - 0x00007ff8dd2d9000 	C:\WINDOWS\SYSTEM32\WSOCK32.dll
0x00007ff8e0940000 - 0x00007ff8e09af000 	C:\WINDOWS\System32\WS2_32.dll
0x00007ff8dbbc0000 - 0x00007ff8dbbe4000 	C:\WINDOWS\SYSTEM32\WINMM.dll
0x00007ff8dbe50000 - 0x00007ff8dbe7d000 	C:\WINDOWS\SYSTEM32\WINMMBASE.dll
0x00007ff8dea40000 - 0x00007ff8dea8a000 	C:\WINDOWS\System32\cfgmgr32.dll
0x00007ff8de870000 - 0x00007ff8de881000 	C:\WINDOWS\System32\kernel.appcore.dll
0x00007ff8ade20000 - 0x00007ff8ade31000 	C:\Program Files\Java\jdk-11.0.6\bin\verify.dll
0x00007ff8dd0b0000 - 0x00007ff8dd2a4000 	C:\WINDOWS\SYSTEM32\DBGHELP.DLL
0x00007ff8c93b0000 - 0x00007ff8c93da000 	C:\WINDOWS\SYSTEM32\dbgcore.DLL
0x00007ff8ad930000 - 0x00007ff8ad959000 	C:\Program Files\Java\jdk-11.0.6\bin\java.dll
0x00007ff8ade00000 - 0x00007ff8ade16000 	C:\Program Files\Java\jdk-11.0.6\bin\zip.dll
0x00007ff8c1a10000 - 0x00007ff8c1a1a000 	C:\Program Files\Java\jdk-11.0.6\bin\jimage.dll
0x00007ff8dfdd0000 - 0x00007ff8e04b5000 	C:\WINDOWS\System32\SHELL32.dll
0x00007ff8e11c0000 - 0x00007ff8e1269000 	C:\WINDOWS\System32\shcore.dll
0x00007ff8df130000 - 0x00007ff8df8b0000 	C:\WINDOWS\System32\windows.storage.dll
0x00007ff8de7d0000 - 0x00007ff8de7f3000 	C:\WINDOWS\System32\profapi.dll
0x00007ff8de800000 - 0x00007ff8de84a000 	C:\WINDOWS\System32\powrprof.dll
0x00007ff8de7c0000 - 0x00007ff8de7d0000 	C:\WINDOWS\System32\UMPDC.dll
0x00007ff8e0a60000 - 0x00007ff8e0ab2000 	C:\WINDOWS\System32\shlwapi.dll
0x00007ff8df8b0000 - 0x00007ff8df8c7000 	C:\WINDOWS\System32\cryptsp.dll
0x00007ff8adc90000 - 0x00007ff8adca9000 	C:\Program Files\Java\jdk-11.0.6\bin\net.dll
0x00007ff8d2810000 - 0x00007ff8d2900000 	C:\WINDOWS\SYSTEM32\WINHTTP.dll
0x00007ff8de030000 - 0x00007ff8de097000 	C:\WINDOWS\system32\mswsock.dll
0x00007ff8ad910000 - 0x00007ff8ad923000 	C:\Program Files\Java\jdk-11.0.6\bin\nio.dll
0x00007ff8d38c0000 - 0x00007ff8d38c9000 	C:\Program Files\Java\jdk-11.0.6\bin\management.dll
0x00007ff8d3390000 - 0x00007ff8d339c000 	C:\Program Files\Java\jdk-11.0.6\bin\management_ext.dll
0x00007ff8c4ff0000 - 0x00007ff8c5006000 	C:\WINDOWS\system32\napinsp.dll
0x00007ff8c4bb0000 - 0x00007ff8c4bca000 	C:\WINDOWS\system32\pnrpnsp.dll
0x00007ff8ddd80000 - 0x00007ff8dde4a000 	C:\WINDOWS\SYSTEM32\DNSAPI.dll
0x00007ff8e0b70000 - 0x00007ff8e0b78000 	C:\WINDOWS\System32\NSI.dll
0x00007ff8ddd40000 - 0x00007ff8ddd7a000 	C:\WINDOWS\SYSTEM32\IPHLPAPI.DLL
0x00007ff8c4ba0000 - 0x00007ff8c4bae000 	C:\WINDOWS\System32\winrnr.dll
0x00007ff8da620000 - 0x00007ff8da63c000 	C:\WINDOWS\system32\NLAapi.dll
0x00007ff8c4b80000 - 0x00007ff8c4b95000 	C:\WINDOWS\system32\wshbth.dll
0x00007ff8d3120000 - 0x00007ff8d312a000 	C:\Windows\System32\rasadhlp.dll
0x00007ff8d47a0000 - 0x00007ff8d4817000 	C:\WINDOWS\System32\fwpuclnt.dll
0x00007ff8df980000 - 0x00007ff8df9a6000 	C:\WINDOWS\System32\bcrypt.dll
0x00007ff8ddba0000 - 0x00007ff8ddbd3000 	C:\WINDOWS\system32\rsaenh.dll
0x00007ff8de6e0000 - 0x00007ff8de705000 	C:\WINDOWS\SYSTEM32\USERENV.dll
0x00007ff8de200000 - 0x00007ff8de20c000 	C:\WINDOWS\SYSTEM32\CRYPTBASE.dll
0x00007ff8d4de0000 - 0x00007ff8d4df6000 	C:\WINDOWS\SYSTEM32\dhcpcsvc6.DLL
0x00007ff8d62c0000 - 0x00007ff8d62dc000 	C:\WINDOWS\SYSTEM32\dhcpcsvc.DLL

dbghelp: loaded successfully - version: 4.0.5 - missing functions: none
symbol engine: initialized successfully - sym options: 0x614 - pdb path: .;C:\Program Files\Java\jdk-11.0.6\bin;C:\WINDOWS\SYSTEM32;C:\WINDOWS\WinSxS\amd64_microsoft.windows.common-controls_6595b64144ccf1df_6.0.18362.778_none_e6c6b761130d4fb8;C:\Program Files\Java\jdk-11.0.6\bin\server

VM Arguments:
jvm_args: -Dcom.sun.management.jmxremote -Dcom.sun.management.jmxremote.port=50847 -Dcom.sun.management.jmxremote.authenticate=false -Dcom.sun.management.jmxremote.ssl=false -Djava.rmi.server.hostname=localhost -Dspring.jmx.enabled=true -Dspring.application.admin.enabled=true -Xverify:none -XX:TieredStopAtLevel=1 -Dspring.boot.project.name=cursomc -Dfile.encoding=UTF-8 
java_command: br.com.diego.cursomc.CursomcApplication --spring.output.ansi.enabled=always
java_class_path (initial): C:\Users\Diego\Documents\ws_sts\spring-boot-ionic-backend\cursomc\target\classes;C:\Users\Diego\.m2\repository\org\springframework\boot\spring-boot-starter-web\2.2.6.RELEASE\spring-boot-starter-web-2.2.6.RELEASE.jar;C:\Users\Diego\.m2\repository\org\springframework\boot\spring-boot-starter\2.2.6.RELEASE\spring-boot-starter-2.2.6.RELEASE.jar;C:\Users\Diego\.m2\repository\org\springframework\boot\spring-boot-starter-logging\2.2.6.RELEASE\spring-boot-starter-logging-2.2.6.RELEASE.jar;C:\Users\Diego\.m2\repository\ch\qos\logback\logback-classic\1.2.3\logback-classic-1.2.3.jar;C:\Users\Diego\.m2\repository\ch\qos\logback\logback-core\1.2.3\logback-core-1.2.3.jar;C:\Users\Diego\.m2\repository\org\apache\logging\log4j\log4j-to-slf4j\2.12.1\log4j-to-slf4j-2.12.1.jar;C:\Users\Diego\.m2\repository\org\apache\logging\log4j\log4j-api\2.12.1\log4j-api-2.12.1.jar;C:\Users\Diego\.m2\repository\org\slf4j\jul-to-slf4j\1.7.30\jul-to-slf4j-1.7.30.jar;C:\Users\Diego\.m2\repository\jakarta\annotation\jakarta.annotation-api\1.3.5\jakarta.annotation-api-1.3.5.jar;C:\Users\Diego\.m2\repository\org\yaml\snakeyaml\1.25\snakeyaml-1.25.jar;C:\Users\Diego\.m2\repository\org\springframework\boot\spring-boot-starter-json\2.2.6.RELEASE\spring-boot-starter-json-2.2.6.RELEASE.jar;C:\Users\Diego\.m2\repository\com\fasterxml\jackson\datatype\jackson-datatype-jdk8\2.10.3\jackson-datatype-jdk8-2.10.3.jar;C:\Users\Diego\.m2\repository\com\fasterxml\jackson\datatype\jackson-datatype-jsr310\2.10.3\jackson-datatype-jsr310-2.10.3.jar;C:\Users\Diego\.m2\repository\com\fasterxml\jackson\module\jackson-module-parameter-names\2.10.3\jackson-module-parameter-names-2.10.3.jar;C:\Users\Diego\.m2\repository\org\springframework\boot\spring-boot-starter-tomcat\2.2.6.RELEASE\spring-boot-starter-tomcat-2.2.6.RELEASE.jar;C:\Users\Diego\.m2\repository\org\apache\tomcat\embed\tomcat-embed-core\9.0.33\tomcat-embed-core-9.0.33.jar;C:\Users\Diego\.m2\repository\org\apache\tomcat\embed\tomcat-embed
Launcher Type: SUN_STANDARD

[Global flags]
     bool BytecodeVerificationLocal                = false                                     {product} {command line}
     bool BytecodeVerificationRemote               = false                                     {product} {command line}
     intx CICompilerCount                          = 3                                         {product} {ergonomic}
     uint ConcGCThreads                            = 1                                         {product} {ergonomic}
     uint G1ConcRefinementThreads                  = 4                                         {product} {ergonomic}
   size_t G1HeapRegionSize                         = 1048576                                   {product} {ergonomic}
    uintx GCDrainStackTargetSize                   = 64                                        {product} {ergonomic}
   size_t InitialHeapSize                          = 100663296                                 {product} {ergonomic}
     bool ManagementServer                         = true                                      {product} {command line}
   size_t MarkStackSize                            = 4194304                                   {product} {ergonomic}
   size_t MaxHeapSize                              = 1581252608                                {product} {ergonomic}
   size_t MaxNewSize                               = 947912704                                 {product} {ergonomic}
   size_t MinHeapDeltaBytes                        = 1048576                                   {product} {ergonomic}
    uintx NonNMethodCodeHeapSize                   = 6973028                                {pd product} {ergonomic}
    uintx NonProfiledCodeHeapSize                  = 244685212                              {pd product} {ergonomic}
    uintx ProfiledCodeHeapSize                     = 0                                      {pd product} {ergonomic}
    uintx ReservedCodeCacheSize                    = 251658240                              {pd product} {ergonomic}
     bool SegmentedCodeCache                       = true                                      {product} {ergonomic}
     intx TieredStopAtLevel                        = 1                                         {product} {command line}
     bool UseCompressedClassPointers               = true                                 {lp64_product} {ergonomic}
     bool UseCompressedOops                        = true                                 {lp64_product} {ergonomic}
     bool UseG1GC                                  = true                                      {product} {ergonomic}
     bool UseLargePagesIndividualAllocation        = false                                  {pd product} {ergonomic}

Logging:
Log output configuration:
 #0: stdout all=warning uptime,level,tags
 #1: stderr all=off uptime,level,tags

Environment Variables:
JAVA_HOME=C:\Program Files\Java\jdk-11.0.6
CLASSPATH=;C:\Program Files\Java\jdk-11.0.6\lib;C:\Program Files\Java\jdk-11.0.6\lib\tools.jar;C:\Program Files\Java\jdk-11.0.6\lib\dt.jar;C:\Program Files\Java\jdk-11.0.6\lib\htmlconverter.jar;C:\Program Files\Java\jdk-11.0.6\jre\lib;C:\Program Files\Java\jdk-11.0.6\jre\lib\rt.jar;
PATH=C:/Program Files/Java/jdk-11.0.6/bin/server;C:/Program Files/Java/jdk-11.0.6/bin;C:\ProgramData\Oracle\Java\javapath;C:\WINDOWS\system32;C:\WINDOWS;C:\WINDOWS\System32\Wbem;C:\WINDOWS\System32\WindowsPowerShell\v1.0\;C:\PostgreSQL\pg96\bin;C:\Program Files\Condusiv Technologies\ExpressCache\;C:\WINDOWS\System32\OpenSSH\;C:\xampp\mysql\bin;C:\Program Files\Java\jdk-11.0.6\bin;C:\Users\Diego\AppData\Local\Microsoft\WindowsApps;C:\Users\Diego\AppData\Local\GitHubDesktop\bin;C:\Users\Diego\AppData\Local\Microsoft\WindowsApps;C:\Program Files\heroku\bin;C:\Users\Diego\Desktop\sts-4.6.0.RELEASE;
USERNAME=Diego
OS=Windows_NT
PROCESSOR_IDENTIFIER=Intel64 Family 6 Model 58 Stepping 9, GenuineIntel



---------------  S Y S T E M  ---------------

OS: Windows 10 , 64 bit Build 18362 (10.0.18362.778)

CPU:total 4 (initial active 4) (2 cores per cpu, 2 threads per core) family 6 model 58 stepping 9, cmov, cx8, fxsr, mmx, sse, sse2, sse3, ssse3, sse4.1, sse4.2, popcnt, avx, aes, clmul, erms, ht, tsc, tscinvbit, tscinv

Memory: 4k page, system-wide physical 6029M (1715M free)
TotalPageFile size 7437M (AvailPageFile size 2183M)
current process WorkingSet (physical memory assigned to process): 77M, peak: 77M
current process commit charge ("private bytes"): 183M, peak: 183M

vm_info: Java HotSpot(TM) 64-Bit Server VM (11.0.6+8-LTS) for windows-amd64 JRE (11.0.6+8-LTS), built on Dec 11 2019 09:17:57 by "mach5one" with MS VC++ 15.5 (VS2017)

END.
