#
# A fatal error has been detected by the Java Runtime Environment:
#
#  EXCEPTION_ACCESS_VIOLATION (0xc0000005) at pc=0x00007ff830dbf475, pid=2680, tid=5108
#
# JRE version: Java(TM) SE Runtime Environment (11.0.6+8) (build 11.0.6+8-LTS)
# Java VM: Java HotSpot(TM) 64-Bit Server VM (11.0.6+8-LTS, mixed mode, tiered, compressed oops, g1 gc, windows-amd64)
# Problematic frame:
# V  [jvm.dll+0x65f475]
#
# No core dump will be written. Minidumps are not enabled by default on client versions of Windows
#
# If you would like to submit a bug report, please visit:
#   http://bugreport.java.com/bugreport/crash.jsp
#

---------------  S U M M A R Y ------------

Command Line: -Dcom.sun.management.jmxremote -Dcom.sun.management.jmxremote.port=50198 -Dcom.sun.management.jmxremote.authenticate=false -Dcom.sun.management.jmxremote.ssl=false -Djava.rmi.server.hostname=localhost -Dspring.jmx.enabled=true -Dspring.application.admin.enabled=true -Xverify:none -XX:TieredStopAtLevel=1 -Dspring.boot.project.name=cursomc -Dfile.encoding=UTF-8 br.com.diego.cursomc.CursomcApplication --spring.output.ansi.enabled=always

Host: Intel(R) Core(TM) i5-3317U CPU @ 1.70GHz, 4 cores, 5G,  Windows 10 , 64 bit Build 18362 (10.0.18362.778)
Time: Fri May  1 18:29:27 2020 Hora oficial do Brasil elapsed time: 1 seconds (0d 0h 0m 1s)

---------------  T H R E A D  ---------------

Current thread (0x000002d2ec0ae000):  WatcherThread [stack: 0x000000d41a500000,0x000000d41a600000] [id=5108]

Stack: [0x000000d41a500000,0x000000d41a600000],  sp=0x000000d41a5ff4d0,  free space=1021k
Native frames: (J=compiled Java code, j=interpreted, Vv=VM code, C=native code)
V  [jvm.dll+0x65f475]
V  [jvm.dll+0x6c885f]
V  [jvm.dll+0x714d0d]
V  [jvm.dll+0x73ab89]
V  [jvm.dll+0x733905]
V  [jvm.dll+0x635846]
C  [ucrtbase.dll+0x20e72]
C  [KERNEL32.DLL+0x17bd4]
C  [ntdll.dll+0x6ce51]


siginfo: EXCEPTION_ACCESS_VIOLATION (0xc0000005), reading address 0x0000000400000003


Register to memory mapping:

RIP=0x00007ff830dbf475 jvm.dll
RAX=0x0000000400000003 is an unknown value
RBX=0x000002d2ec087110 points into unknown readable memory: 50 ca 02 31 f8 7f 00 00
RCX=0x000002d2ec07b7f0 points into unknown readable memory: 03 00 00 00 04 00 00 00
RDX=0x000000000000003a is an unknown value
RSP=0x000000d41a5ff4d0 points into unknown readable memory: 60 bb 66 cb d2 02 00 00
RBP=0x0000000000000002 is an unknown value
RSI=0x000002d2ec07b640 points into unknown readable memory: 30 5a 0a ec d2 02 00 00
RDI=0x0 is NULL
R8 =0x0 is NULL
R9 =0x000002d2d51a0b80 is at begin+0 in a stub
StubRoutines::atomic_cmpxchg_long [0x000002d2d51a0b80, 0x000002d2d51a0b89[ (9 bytes)
R10=0x00000000546c6148 is an unknown value
R11=0xfffffffffb062f4c is an unknown value
R12=0x0 is NULL
R13=0x000002d2ec0ae000 points into unknown readable memory: a8 a3 03 31 f8 7f 00 00
R14=0x000000000000003a is an unknown value
R15=0x000002d2ec06e250 points into unknown readable memory: 00 00 00 00 00 00 00 00


Registers:
RAX=0x0000000400000003, RBX=0x000002d2ec087110, RCX=0x000002d2ec07b7f0, RDX=0x000000000000003a
RSP=0x000000d41a5ff4d0, RBP=0x0000000000000002, RSI=0x000002d2ec07b640, RDI=0x0000000000000000
R8 =0x0000000000000000, R9 =0x000002d2d51a0b80, R10=0x00000000546c6148, R11=0xfffffffffb062f4c
R12=0x0000000000000000, R13=0x000002d2ec0ae000, R14=0x000000000000003a, R15=0x000002d2ec06e250
RIP=0x00007ff830dbf475, EFLAGS=0x0000000000010206

Top of Stack: (sp=0x000000d41a5ff4d0)
0x000000d41a5ff4d0:   000002d2cb66bb60 0000000000000ac0
0x000000d41a5ff4e0:   0000000000000001 00007ff830d68920
0x000000d41a5ff4f0:   0000000000000000 00007ff830e2885f
0x000000d41a5ff500:   000002d2ec0ae000 000002d2ec0ae000
0x000000d41a5ff510:   000002226d24d95c 00007ff830d693a9
0x000000d41a5ff520:   00007ff8311d57d8 00007ff830e74d0d
0x000000d41a5ff530:   0000000000000001 000002d2cb66bb60
0x000000d41a5ff540:   000002d2cb66bb60 431bde82d7b634db
0x000000d41a5ff550:   000002d2ec06e250 000002226d24d95c
0x000000d41a5ff560:   000002d2cb66bb60 00007ff830e9ab89
0x000000d41a5ff570:   0000000000000001 000000000000003a
0x000000d41a5ff580:   0000000000000032 0000000000000002
0x000000d41a5ff590:   0000000000000000 0000000000000000
0x000000d41a5ff5a0:   0000000000000000 0000000000000000
0x000000d41a5ff5b0:   0000000000000000 0000000000000000
0x000000d41a5ff5c0:   0000000000000000 0000000000000000 

Instructions: (pc=0x00007ff830dbf475)
0x00007ff830dbf455:   70 48 83 c4 50 5f c3 cc cc cc cc 40 53 48 83 ec
0x00007ff830dbf465:   20 48 8b d9 48 8b 49 38 48 85 c9 74 0c 48 8b 01
0x00007ff830dbf475:   ff 10 48 8b 4b 28 48 89 01 48 83 c4 20 5b c3 cc
0x00007ff830dbf485:   cc cc cc cc cc cc cc cc cc cc cc 48 89 5c 24 08 


Stack slot to memory mapping:
stack at sp + 0 slots: 0x000002d2cb66bb60 points into unknown readable memory: 01 00 00 00 00 00 00 00
stack at sp + 1 slots: 0x0000000000000ac0 is an unknown value
stack at sp + 2 slots: 0x0000000000000001 is an unknown value
stack at sp + 3 slots: 0x00007ff830d68920 jvm.dll
stack at sp + 4 slots: 0x0 is NULL
stack at sp + 5 slots: 0x00007ff830e2885f jvm.dll
stack at sp + 6 slots: 0x000002d2ec0ae000 points into unknown readable memory: a8 a3 03 31 f8 7f 00 00
stack at sp + 7 slots: 0x000002d2ec0ae000 points into unknown readable memory: a8 a3 03 31 f8 7f 00 00


---------------  P R O C E S S  ---------------

Threads class SMR info:
_java_thread_list=0x000002d2ec0fef40, length=16, elements={
0x000002d2cb66c800, 0x000002d2ea620000, 0x000002d2ea629000, 0x000002d2eafd2800,
0x000002d2ea63b000, 0x000002d2ea644000, 0x000002d2ea656000, 0x000002d2eb1b5800,
0x000002d2eb1f1000, 0x000002d2ec098800, 0x000002d2ec09a800, 0x000002d2ec0da000,
0x000002d2ec0ad000, 0x000002d2ec13f000, 0x000002d2ec140800, 0x000002d2ec10d000
}

Java Threads: ( => current thread )
  0x000002d2cb66c800 JavaThread "main" [_thread_blocked, id=6372, stack(0x000000d419100000,0x000000d419200000)]
  0x000002d2ea620000 JavaThread "Reference Handler" daemon [_thread_blocked, id=432, stack(0x000000d419800000,0x000000d419900000)]
  0x000002d2ea629000 JavaThread "Finalizer" daemon [_thread_blocked, id=9420, stack(0x000000d419900000,0x000000d419a00000)]
  0x000002d2eafd2800 JavaThread "Signal Dispatcher" daemon [_thread_blocked, id=2736, stack(0x000000d419a00000,0x000000d419b00000)]
  0x000002d2ea63b000 JavaThread "Attach Listener" daemon [_thread_blocked, id=428, stack(0x000000d419b00000,0x000000d419c00000)]
  0x000002d2ea644000 JavaThread "C1 CompilerThread0" daemon [_thread_in_vm, id=504, stack(0x000000d419c00000,0x000000d419d00000)]
  0x000002d2ea656000 JavaThread "Sweeper thread" daemon [_thread_blocked, id=7692, stack(0x000000d419d00000,0x000000d419e00000)]
  0x000002d2eb1b5800 JavaThread "Common-Cleaner" daemon [_thread_blocked, id=10256, stack(0x000000d419e00000,0x000000d419f00000)]
  0x000002d2eb1f1000 JavaThread "Service Thread" daemon [_thread_blocked, id=10400, stack(0x000000d419f00000,0x000000d41a000000)]
  0x000002d2ec098800 JavaThread "RMI TCP Accept-0" daemon [_thread_in_native, id=1832, stack(0x000000d41a100000,0x000000d41a200000)]
  0x000002d2ec09a800 JavaThread "RMI TCP Accept-50198" daemon [_thread_in_native, id=8668, stack(0x000000d41a200000,0x000000d41a300000)]
  0x000002d2ec0da000 JavaThread "RMI TCP Accept-0" daemon [_thread_in_native, id=6288, stack(0x000000d41a300000,0x000000d41a400000)]
  0x000002d2ec0ad000 JavaThread "RMI TCP Connection(1)-127.0.0.1" daemon [_thread_in_native, id=4740, stack(0x000000d41a400000,0x000000d41a500000)]
  0x000002d2ec13f000 JavaThread "RMI Scheduler(0)" daemon [_thread_blocked, id=11120, stack(0x000000d41a600000,0x000000d41a700000)]
  0x000002d2ec140800 JavaThread "RMI TCP Connection(2)-127.0.0.1" daemon [_thread_blocked, id=11164, stack(0x000000d41a700000,0x000000d41a800000)]
  0x000002d2ec10d000 JavaThread "JMX server connection timeout 19" daemon [_thread_blocked, id=5308, stack(0x000000d41a800000,0x000000d41a900000)]

Other Threads:
  0x000002d2ea5f9000 VMThread "VM Thread" [stack: 0x000000d419700000,0x000000d419800000] [id=6812]
=>0x000002d2ec0ae000 WatcherThread [stack: 0x000000d41a500000,0x000000d41a600000] [id=5108]
  0x000002d2cb685000 GCTaskThread "GC Thread#0" [stack: 0x000000d419200000,0x000000d419300000] [id=2592]
  0x000002d2ebc38800 GCTaskThread "GC Thread#1" [stack: 0x000000d41a000000,0x000000d41a100000] [id=10368]
  0x000002d2cb6a9800 ConcurrentGCThread "G1 Main Marker" [stack: 0x000000d419300000,0x000000d419400000] [id=10420]
  0x000002d2cb6ac800 ConcurrentGCThread "G1 Conc#0" [stack: 0x000000d419400000,0x000000d419500000] [id=2304]
  0x000002d2cb720000 ConcurrentGCThread "G1 Refine#0" [stack: 0x000000d419500000,0x000000d419600000] [id=1320]
  0x000002d2cb723000 ConcurrentGCThread "G1 Young RemSet Sampling" [stack: 0x000000d419600000,0x000000d419700000] [id=10740]

Threads with active compile tasks:
C1 CompilerThread01135       1       java.lang.invoke.MethodTypeForm::<init> (687 bytes)

VM state:synchronizing (normal execution)

VM Mutex/Monitor currently owned by a thread:  ([mutex/lock_event])
[0x000002d2cb66a600] Threads_lock - owner thread: 0x000002d2ea5f9000
[0x000002d2cb66b6e0] Compile_lock - owner thread: 0x000002d2ec140800
[0x000002d2cb66bb60] PeriodicTask_lock - owner thread: 0x000002d2ec0ae000

Heap address: 0x00000000a1c00000, size: 1508 MB, Compressed Oops mode: 32-bit
Narrow klass base: 0x0000000000000000, Narrow klass shift: 3
Compressed class space size: 1073741824 Address: 0x0000000100000000

Heap:
 garbage-first heap   total 98304K, used 24333K [0x00000000a1c00000, 0x0000000100000000)
  region size 1024K, 9 young (9216K), 2 survivors (2048K)
 Metaspace       used 13112K, capacity 13567K, committed 13696K, reserved 1060864K
  class space    used 1402K, capacity 1549K, committed 1664K, reserved 1048576K
Heap Regions: E=young(eden), S=young(survivor), O=old, HS=humongous(starts), HC=humongous(continues), CS=collection set, F=free, A=archive, TAMS=top-at-mark-start (previous, next)
|   0|0x00000000a1c00000, 0x00000000a1d00000, 0x00000000a1d00000|100%|HS|  |TAMS 0x00000000a1c00000, 0x00000000a1c00000| Complete 
|   1|0x00000000a1d00000, 0x00000000a1e00000, 0x00000000a1e00000|100%| O|  |TAMS 0x00000000a1d00000, 0x00000000a1d00000| Untracked 
|   2|0x00000000a1e00000, 0x00000000a1f00000, 0x00000000a1f00000|100%| O|  |TAMS 0x00000000a1e00000, 0x00000000a1e00000| Untracked 
|   3|0x00000000a1f00000, 0x00000000a2000000, 0x00000000a2000000|100%| O|  |TAMS 0x00000000a1f00000, 0x00000000a1f00000| Untracked 
|   4|0x00000000a2000000, 0x00000000a2100000, 0x00000000a2100000|100%| O|  |TAMS 0x00000000a2000000, 0x00000000a2000000| Untracked 
|   5|0x00000000a2100000, 0x00000000a2200000, 0x00000000a2200000|100%| O|  |TAMS 0x00000000a2100000, 0x00000000a2100000| Untracked 
|   6|0x00000000a2200000, 0x00000000a2300000, 0x00000000a2300000|100%| O|  |TAMS 0x00000000a2200000, 0x00000000a2200000| Untracked 
|   7|0x00000000a2300000, 0x00000000a2400000, 0x00000000a2400000|100%| O|  |TAMS 0x00000000a2300000, 0x00000000a2300000| Untracked 
|   8|0x00000000a2400000, 0x00000000a2500000, 0x00000000a2500000|100%| O|  |TAMS 0x00000000a2400000, 0x00000000a2400000| Untracked 
|   9|0x00000000a2500000, 0x00000000a2600000, 0x00000000a2600000|100%| O|  |TAMS 0x00000000a2500000, 0x00000000a2500000| Untracked 
|  10|0x00000000a2600000, 0x00000000a2700000, 0x00000000a2700000|100%| O|  |TAMS 0x00000000a2600000, 0x00000000a2600000| Untracked 
|  11|0x00000000a2700000, 0x00000000a2800000, 0x00000000a2800000|100%| O|  |TAMS 0x00000000a2700000, 0x00000000a2700000| Untracked 
|  12|0x00000000a2800000, 0x00000000a2900000, 0x00000000a2900000|100%| O|  |TAMS 0x00000000a2800000, 0x00000000a2800000| Untracked 
|  13|0x00000000a2900000, 0x00000000a2a00000, 0x00000000a2a00000|100%| O|  |TAMS 0x00000000a2900000, 0x00000000a2900000| Untracked 
|  14|0x00000000a2a00000, 0x00000000a2b00000, 0x00000000a2b00000|100%| O|  |TAMS 0x00000000a2a00000, 0x00000000a2a00000| Untracked 
|  15|0x00000000a2b00000, 0x00000000a2bc3600, 0x00000000a2c00000| 76%| O|  |TAMS 0x00000000a2b00000, 0x00000000a2b00000| Untracked 
|  16|0x00000000a2c00000, 0x00000000a2c00000, 0x00000000a2d00000|  0%| F|  |TAMS 0x00000000a2c00000, 0x00000000a2c00000| Untracked 
|  17|0x00000000a2d00000, 0x00000000a2d00000, 0x00000000a2e00000|  0%| F|  |TAMS 0x00000000a2d00000, 0x00000000a2d00000| Untracked 
|  18|0x00000000a2e00000, 0x00000000a2e00000, 0x00000000a2f00000|  0%| F|  |TAMS 0x00000000a2e00000, 0x00000000a2e00000| Untracked 
|  19|0x00000000a2f00000, 0x00000000a2f00000, 0x00000000a3000000|  0%| F|  |TAMS 0x00000000a2f00000, 0x00000000a2f00000| Untracked 
|  20|0x00000000a3000000, 0x00000000a3000000, 0x00000000a3100000|  0%| F|  |TAMS 0x00000000a3000000, 0x00000000a3000000| Untracked 
|  21|0x00000000a3100000, 0x00000000a3100000, 0x00000000a3200000|  0%| F|  |TAMS 0x00000000a3100000, 0x00000000a3100000| Untracked 
|  22|0x00000000a3200000, 0x00000000a3200000, 0x00000000a3300000|  0%| F|  |TAMS 0x00000000a3200000, 0x00000000a3200000| Untracked 
|  23|0x00000000a3300000, 0x00000000a3300000, 0x00000000a3400000|  0%| F|  |TAMS 0x00000000a3300000, 0x00000000a3300000| Untracked 
|  24|0x00000000a3400000, 0x00000000a3400000, 0x00000000a3500000|  0%| F|  |TAMS 0x00000000a3400000, 0x00000000a3400000| Untracked 
|  25|0x00000000a3500000, 0x00000000a3500000, 0x00000000a3600000|  0%| F|  |TAMS 0x00000000a3500000, 0x00000000a3500000| Untracked 
|  26|0x00000000a3600000, 0x00000000a3600000, 0x00000000a3700000|  0%| F|  |TAMS 0x00000000a3600000, 0x00000000a3600000| Untracked 
|  27|0x00000000a3700000, 0x00000000a3700000, 0x00000000a3800000|  0%| F|  |TAMS 0x00000000a3700000, 0x00000000a3700000| Untracked 
|  28|0x00000000a3800000, 0x00000000a3800000, 0x00000000a3900000|  0%| F|  |TAMS 0x00000000a3800000, 0x00000000a3800000| Untracked 
|  29|0x00000000a3900000, 0x00000000a3900000, 0x00000000a3a00000|  0%| F|  |TAMS 0x00000000a3900000, 0x00000000a3900000| Untracked 
|  30|0x00000000a3a00000, 0x00000000a3a00000, 0x00000000a3b00000|  0%| F|  |TAMS 0x00000000a3a00000, 0x00000000a3a00000| Untracked 
|  31|0x00000000a3b00000, 0x00000000a3b00000, 0x00000000a3c00000|  0%| F|  |TAMS 0x00000000a3b00000, 0x00000000a3b00000| Untracked 
|  32|0x00000000a3c00000, 0x00000000a3c00000, 0x00000000a3d00000|  0%| F|  |TAMS 0x00000000a3c00000, 0x00000000a3c00000| Untracked 
|  33|0x00000000a3d00000, 0x00000000a3d00000, 0x00000000a3e00000|  0%| F|  |TAMS 0x00000000a3d00000, 0x00000000a3d00000| Untracked 
|  34|0x00000000a3e00000, 0x00000000a3e00000, 0x00000000a3f00000|  0%| F|  |TAMS 0x00000000a3e00000, 0x00000000a3e00000| Untracked 
|  35|0x00000000a3f00000, 0x00000000a3f00000, 0x00000000a4000000|  0%| F|  |TAMS 0x00000000a3f00000, 0x00000000a3f00000| Untracked 
|  36|0x00000000a4000000, 0x00000000a4000000, 0x00000000a4100000|  0%| F|  |TAMS 0x00000000a4000000, 0x00000000a4000000| Untracked 
|  37|0x00000000a4100000, 0x00000000a4100000, 0x00000000a4200000|  0%| F|  |TAMS 0x00000000a4100000, 0x00000000a4100000| Untracked 
|  38|0x00000000a4200000, 0x00000000a4200000, 0x00000000a4300000|  0%| F|  |TAMS 0x00000000a4200000, 0x00000000a4200000| Untracked 
|  39|0x00000000a4300000, 0x00000000a4300000, 0x00000000a4400000|  0%| F|  |TAMS 0x00000000a4300000, 0x00000000a4300000| Untracked 
|  40|0x00000000a4400000, 0x00000000a4400000, 0x00000000a4500000|  0%| F|  |TAMS 0x00000000a4400000, 0x00000000a4400000| Untracked 
|  41|0x00000000a4500000, 0x00000000a4500000, 0x00000000a4600000|  0%| F|  |TAMS 0x00000000a4500000, 0x00000000a4500000| Untracked 
|  42|0x00000000a4600000, 0x00000000a4600000, 0x00000000a4700000|  0%| F|  |TAMS 0x00000000a4600000, 0x00000000a4600000| Untracked 
|  43|0x00000000a4700000, 0x00000000a4700000, 0x00000000a4800000|  0%| F|  |TAMS 0x00000000a4700000, 0x00000000a4700000| Untracked 
|  44|0x00000000a4800000, 0x00000000a4800000, 0x00000000a4900000|  0%| F|  |TAMS 0x00000000a4800000, 0x00000000a4800000| Untracked 
|  45|0x00000000a4900000, 0x00000000a4900000, 0x00000000a4a00000|  0%| F|  |TAMS 0x00000000a4900000, 0x00000000a4900000| Untracked 
|  46|0x00000000a4a00000, 0x00000000a4a00000, 0x00000000a4b00000|  0%| F|  |TAMS 0x00000000a4a00000, 0x00000000a4a00000| Untracked 
|  47|0x00000000a4b00000, 0x00000000a4b00000, 0x00000000a4c00000|  0%| F|  |TAMS 0x00000000a4b00000, 0x00000000a4b00000| Untracked 
|  48|0x00000000a4c00000, 0x00000000a4c00000, 0x00000000a4d00000|  0%| F|  |TAMS 0x00000000a4c00000, 0x00000000a4c00000| Untracked 
|  49|0x00000000a4d00000, 0x00000000a4d00000, 0x00000000a4e00000|  0%| F|  |TAMS 0x00000000a4d00000, 0x00000000a4d00000| Untracked 
|  50|0x00000000a4e00000, 0x00000000a4e00000, 0x00000000a4f00000|  0%| F|  |TAMS 0x00000000a4e00000, 0x00000000a4e00000| Untracked 
|  51|0x00000000a4f00000, 0x00000000a4f00000, 0x00000000a5000000|  0%| F|  |TAMS 0x00000000a4f00000, 0x00000000a4f00000| Untracked 
|  52|0x00000000a5000000, 0x00000000a5000000, 0x00000000a5100000|  0%| F|  |TAMS 0x00000000a5000000, 0x00000000a5000000| Untracked 
|  53|0x00000000a5100000, 0x00000000a5100000, 0x00000000a5200000|  0%| F|  |TAMS 0x00000000a5100000, 0x00000000a5100000| Untracked 
|  54|0x00000000a5200000, 0x00000000a5200000, 0x00000000a5300000|  0%| F|  |TAMS 0x00000000a5200000, 0x00000000a5200000| Untracked 
|  55|0x00000000a5300000, 0x00000000a5300000, 0x00000000a5400000|  0%| F|  |TAMS 0x00000000a5300000, 0x00000000a5300000| Untracked 
|  56|0x00000000a5400000, 0x00000000a5400000, 0x00000000a5500000|  0%| F|  |TAMS 0x00000000a5400000, 0x00000000a5400000| Untracked 
|  57|0x00000000a5500000, 0x00000000a5500000, 0x00000000a5600000|  0%| F|  |TAMS 0x00000000a5500000, 0x00000000a5500000| Untracked 
|  58|0x00000000a5600000, 0x00000000a5600000, 0x00000000a5700000|  0%| F|  |TAMS 0x00000000a5600000, 0x00000000a5600000| Untracked 
|  59|0x00000000a5700000, 0x00000000a5700000, 0x00000000a5800000|  0%| F|  |TAMS 0x00000000a5700000, 0x00000000a5700000| Untracked 
|  60|0x00000000a5800000, 0x00000000a5800000, 0x00000000a5900000|  0%| F|  |TAMS 0x00000000a5800000, 0x00000000a5800000| Untracked 
|  61|0x00000000a5900000, 0x00000000a5900000, 0x00000000a5a00000|  0%| F|  |TAMS 0x00000000a5900000, 0x00000000a5900000| Untracked 
|  62|0x00000000a5a00000, 0x00000000a5a00000, 0x00000000a5b00000|  0%| F|  |TAMS 0x00000000a5a00000, 0x00000000a5a00000| Untracked 
|  63|0x00000000a5b00000, 0x00000000a5b00000, 0x00000000a5c00000|  0%| F|  |TAMS 0x00000000a5b00000, 0x00000000a5b00000| Untracked 
|  64|0x00000000a5c00000, 0x00000000a5c00000, 0x00000000a5d00000|  0%| F|  |TAMS 0x00000000a5c00000, 0x00000000a5c00000| Untracked 
|  65|0x00000000a5d00000, 0x00000000a5d00000, 0x00000000a5e00000|  0%| F|  |TAMS 0x00000000a5d00000, 0x00000000a5d00000| Untracked 
|  66|0x00000000a5e00000, 0x00000000a5e00000, 0x00000000a5f00000|  0%| F|  |TAMS 0x00000000a5e00000, 0x00000000a5e00000| Untracked 
|  67|0x00000000a5f00000, 0x00000000a5f00000, 0x00000000a6000000|  0%| F|  |TAMS 0x00000000a5f00000, 0x00000000a5f00000| Untracked 
|  68|0x00000000a6000000, 0x00000000a6000000, 0x00000000a6100000|  0%| F|  |TAMS 0x00000000a6000000, 0x00000000a6000000| Untracked 
|  69|0x00000000a6100000, 0x00000000a6100000, 0x00000000a6200000|  0%| F|  |TAMS 0x00000000a6100000, 0x00000000a6100000| Untracked 
|  70|0x00000000a6200000, 0x00000000a6200000, 0x00000000a6300000|  0%| F|  |TAMS 0x00000000a6200000, 0x00000000a6200000| Untracked 
|  71|0x00000000a6300000, 0x00000000a6300000, 0x00000000a6400000|  0%| F|  |TAMS 0x00000000a6300000, 0x00000000a6300000| Untracked 
|  72|0x00000000a6400000, 0x00000000a6400000, 0x00000000a6500000|  0%| F|  |TAMS 0x00000000a6400000, 0x00000000a6400000| Untracked 
|  73|0x00000000a6500000, 0x00000000a6500000, 0x00000000a6600000|  0%| F|  |TAMS 0x00000000a6500000, 0x00000000a6500000| Untracked 
|  74|0x00000000a6600000, 0x00000000a6600000, 0x00000000a6700000|  0%| F|  |TAMS 0x00000000a6600000, 0x00000000a6600000| Untracked 
|  75|0x00000000a6700000, 0x00000000a6700000, 0x00000000a6800000|  0%| F|  |TAMS 0x00000000a6700000, 0x00000000a6700000| Untracked 
|  76|0x00000000a6800000, 0x00000000a6800000, 0x00000000a6900000|  0%| F|  |TAMS 0x00000000a6800000, 0x00000000a6800000| Untracked 
|  77|0x00000000a6900000, 0x00000000a6900000, 0x00000000a6a00000|  0%| F|  |TAMS 0x00000000a6900000, 0x00000000a6900000| Untracked 
|  78|0x00000000a6a00000, 0x00000000a6a00000, 0x00000000a6b00000|  0%| F|  |TAMS 0x00000000a6a00000, 0x00000000a6a00000| Untracked 
|  79|0x00000000a6b00000, 0x00000000a6b00000, 0x00000000a6c00000|  0%| F|  |TAMS 0x00000000a6b00000, 0x00000000a6b00000| Untracked 
|  80|0x00000000a6c00000, 0x00000000a6c00000, 0x00000000a6d00000|  0%| F|  |TAMS 0x00000000a6c00000, 0x00000000a6c00000| Untracked 
|  81|0x00000000a6d00000, 0x00000000a6d00000, 0x00000000a6e00000|  0%| F|  |TAMS 0x00000000a6d00000, 0x00000000a6d00000| Untracked 
|  82|0x00000000a6e00000, 0x00000000a6e00000, 0x00000000a6f00000|  0%| F|  |TAMS 0x00000000a6e00000, 0x00000000a6e00000| Untracked 
|  83|0x00000000a6f00000, 0x00000000a6f00000, 0x00000000a7000000|  0%| F|  |TAMS 0x00000000a6f00000, 0x00000000a6f00000| Untracked 
|  84|0x00000000a7000000, 0x00000000a7000000, 0x00000000a7100000|  0%| F|  |TAMS 0x00000000a7000000, 0x00000000a7000000| Untracked 
|  85|0x00000000a7100000, 0x00000000a7100000, 0x00000000a7200000|  0%| F|  |TAMS 0x00000000a7100000, 0x00000000a7100000| Untracked 
|  86|0x00000000a7200000, 0x00000000a7300000, 0x00000000a7300000|100%| S|CS|TAMS 0x00000000a7200000, 0x00000000a7200000| Complete 
|  87|0x00000000a7300000, 0x00000000a7400000, 0x00000000a7400000|100%| S|CS|TAMS 0x00000000a7300000, 0x00000000a7300000| Complete 
|  88|0x00000000a7400000, 0x00000000a7400000, 0x00000000a7500000|  0%| F|  |TAMS 0x00000000a7400000, 0x00000000a7400000| Untracked 
|  89|0x00000000a7500000, 0x00000000a7573bd0, 0x00000000a7600000| 45%| E|  |TAMS 0x00000000a7500000, 0x00000000a7500000| Complete 
|  90|0x00000000a7600000, 0x00000000a7700000, 0x00000000a7700000|100%| E|CS|TAMS 0x00000000a7600000, 0x00000000a7600000| Complete 
|  91|0x00000000a7700000, 0x00000000a7800000, 0x00000000a7800000|100%| E|CS|TAMS 0x00000000a7700000, 0x00000000a7700000| Complete 
|  92|0x00000000a7800000, 0x00000000a7900000, 0x00000000a7900000|100%| E|CS|TAMS 0x00000000a7800000, 0x00000000a7800000| Complete 
|  93|0x00000000a7900000, 0x00000000a7a00000, 0x00000000a7a00000|100%| E|CS|TAMS 0x00000000a7900000, 0x00000000a7900000| Complete 
|  94|0x00000000a7a00000, 0x00000000a7b00000, 0x00000000a7b00000|100%| E|CS|TAMS 0x00000000a7a00000, 0x00000000a7a00000| Complete 
|  95|0x00000000a7b00000, 0x00000000a7c00000, 0x00000000a7c00000|100%| E|CS|TAMS 0x00000000a7b00000, 0x00000000a7b00000| Complete 

Card table byte_map: [0x000002d2e4ac0000,0x000002d2e4dc0000] _byte_map_base: 0x000002d2e45b2000

Marking Bits (Prev, Next): (CMBitMap*) 0x000002d2cb6a2a48, (CMBitMap*) 0x000002d2cb6a2a80
 Prev Bits: [0x000002d2e50c0000, 0x000002d2e6850000)
 Next Bits: [0x000002d2e6850000, 0x000002d2e7fe0000)

Polling page: 0x000002d2cb510000

Metaspace:

Usage:
  Non-class:     11.74 MB capacity,    11.44 MB ( 97%) used,   272.27 KB (  2%) free+waste,    35.63 KB ( <1%) overhead. 
      Class:      1.51 MB capacity,     1.37 MB ( 91%) used,   128.74 KB (  8%) free+waste,    18.06 KB (  1%) overhead. 
       Both:     13.25 MB capacity,    12.80 MB ( 97%) used,   401.01 KB (  3%) free+waste,    53.69 KB ( <1%) overhead. 

Virtual space:
  Non-class space:       12.00 MB reserved,      11.75 MB ( 98%) committed 
      Class space:        1.00 GB reserved,       1.63 MB ( <1%) committed 
             Both:        1.01 GB reserved,      13.38 MB (  1%) committed 

Chunk freelists:
   Non-Class:  1.75 KB
       Class:  0 bytes
        Both:  1.75 KB

CodeHeap 'non-profiled nmethods': size=238912Kb used=1589Kb max_used=1589Kb free=237322Kb
 bounds [0x000002d2d5850000, 0x000002d2d5ac0000, 0x000002d2e41a0000]
CodeHeap 'non-nmethods': size=6848Kb used=1109Kb max_used=1109Kb free=5739Kb
 bounds [0x000002d2d51a0000, 0x000002d2d5410000, 0x000002d2d5850000]
 total_blobs=1566 nmethods=1131 adapters=346
 compilation: enabled
              stopped_count=0, restarted_count=0
 full_count=0

Compilation events (10 events):
Event: 1.457 Thread 0x000002d2ea644000 1119       1       java.io.StreamTokenizer::read (38 bytes)
Event: 1.457 Thread 0x000002d2ea644000 nmethod 1119 0x000002d2d59d5e10 code [0x000002d2d59d5fe0, 0x000002d2d59d6230]
Event: 1.457 Thread 0x000002d2ea644000 1120   !   1       java.io.BufferedReader::read (104 bytes)
Event: 1.458 Thread 0x000002d2ea644000 nmethod 1120 0x000002d2d59d6310 code [0x000002d2d59d6500, 0x000002d2d59d69c0]
Event: 1.458 Thread 0x000002d2ea644000 1121       1       java.io.StreamTokenizer::nextToken (1268 bytes)
Event: 1.463 Thread 0x000002d2ea644000 nmethod 1121 0x000002d2d59d7310 code [0x000002d2d59d7720, 0x000002d2d59d8cf0]
Event: 1.463 Thread 0x000002d2ea644000 1122       1       sun.security.provider.PolicyParser::peek (177 bytes)
Event: 1.463 Thread 0x000002d2ea644000 nmethod 1122 0x000002d2d59d9790 code [0x000002d2d59d99a0, 0x000002d2d59d9d10]
Event: 1.463 Thread 0x000002d2ea644000 1123       1       sun.security.provider.PolicyParser::match (766 bytes)
Event: 1.467 Thread 0x000002d2ea644000 nmethod 1123 0x000002d2d59da910 code [0x000002d2d59dae60, 0x000002d2d59dc5f0]

GC Heap History (4 events):
Event: 0.722 GC heap before
{Heap before GC invocations=0 (full 0):
 garbage-first heap   total 98304K, used 14336K [0x00000000a1c00000, 0x0000000100000000)
  region size 1024K, 14 young (14336K), 0 survivors (0K)
 Metaspace       used 6162K, capacity 6238K, committed 6528K, reserved 1056768K
  class space    used 546K, capacity 567K, committed 640K, reserved 1048576K
}
Event: 0.731 GC heap after
{Heap after GC invocations=1 (full 0):
 garbage-first heap   total 98304K, used 12363K [0x00000000a1c00000, 0x0000000100000000)
  region size 1024K, 2 young (2048K), 2 survivors (2048K)
 Metaspace       used 6162K, capacity 6238K, committed 6528K, reserved 1056768K
  class space    used 546K, capacity 567K, committed 640K, reserved 1048576K
}
Event: 0.934 GC heap before
{Heap before GC invocations=1 (full 0):
 garbage-first heap   total 98304K, used 19531K [0x00000000a1c00000, 0x0000000100000000)
  region size 1024K, 10 young (10240K), 2 survivors (2048K)
 Metaspace       used 8507K, capacity 8701K, committed 8960K, reserved 1056768K
  class space    used 852K, capacity 926K, committed 1024K, reserved 1048576K
}
Event: 0.942 GC heap after
{Heap after GC invocations=2 (full 0):
 garbage-first heap   total 98304K, used 18189K [0x00000000a1c00000, 0x0000000100000000)
  region size 1024K, 2 young (2048K), 2 survivors (2048K)
 Metaspace       used 8507K, capacity 8701K, committed 8960K, reserved 1056768K
  class space    used 852K, capacity 926K, committed 1024K, reserved 1048576K
}

Deoptimization events (0 events):
No events

Classes redefined (0 events):
No events

Internal exceptions (10 events):
Event: 1.332 Thread 0x000002d2cb66c800 Exception <a 'java/lang/NoSuchMethodError'{0x00000000a7ad9f50}: java.lang.invoke.DirectMethodHandle$Holder.invokeStatic(Ljava/lang/Object;Ljava/lang/Object;IIII)Ljava/lang/Object;> (0x00000000a7ad9f50) thrown at [t:/workspace/open/src/hotspot/share/interp
Event: 1.332 Thread 0x000002d2cb66c800 Exception <a 'java/lang/NoSuchMethodError'{0x00000000a7add298}: java.lang.invoke.DirectMethodHandle$Holder.invokeStaticInit(Ljava/lang/Object;Ljava/lang/Object;IIII)Ljava/lang/Object;> (0x00000000a7add298) thrown at [t:/workspace/open/src/hotspot/share/in
Event: 1.344 Thread 0x000002d2cb66c800 Exception <a 'java/lang/ClassNotFoundException'{0x00000000a7afaa40}: javax/management/remote/rmi/RMIServerImpl_Skel> (0x00000000a7afaa40) thrown at [t:/workspace/open/src/hotspot/share/classfile/systemDictionary.cpp, line 231]
Event: 1.389 Thread 0x000002d2cb66c800 Exception <a 'java/lang/ClassNotFoundException'{0x00000000a79d0418}: jdk/internal/agent/resources/spi/agentProvider> (0x00000000a79d0418) thrown at [t:/workspace/open/src/hotspot/share/classfile/systemDictionary.cpp, line 231]
Event: 1.398 Thread 0x000002d2cb66c800 Exception <a 'java/lang/NoSuchMethodError'{0x00000000a78261d0}: java.lang.invoke.DirectMethodHandle$Holder.invokeStatic(Ljava/lang/Object;Ljava/lang/Object;Ljava/lang/Object;Ljava/lang/Object;Ljava/lang/Object;Ljava/lang/Object;Ljava/lang/Object;Ljava/lan
Event: 1.399 Thread 0x000002d2cb66c800 Exception <a 'java/lang/NoSuchMethodError'{0x00000000a7832b90}: java.lang.invoke.DirectMethodHandle$Holder.invokeStatic(Ljava/lang/Object;Ljava/lang/Object;Ljava/lang/Object;Ljava/lang/Object;Ljava/lang/Object;Ljava/lang/Object;Ljava/lang/Object;Ljava/lan
Event: 1.401 Thread 0x000002d2cb66c800 Exception <a 'java/lang/NoSuchMethodError'{0x00000000a784c818}: java.lang.invoke.DelegatingMethodHandle$Holder.reinvoke_L(Ljava/lang/Object;ILjava/lang/Object;)Ljava/lang/Object;> (0x00000000a784c818) thrown at [t:/workspace/open/src/hotspot/share/interpr
Event: 1.453 Thread 0x000002d2ec140800 Exception <a 'java/lang/NoSuchMethodError'{0x00000000a76973e8}: <clinit>> (0x00000000a76973e8) thrown at [t:/workspace/open/src/hotspot/share/prims/jni.cpp, line 1364]
Event: 1.463 Thread 0x000002d2cb66c800 Exception <a 'java/lang/ClassNotFoundException'{0x00000000a76db0b8}: javax/smartcardio/CardPermission> (0x00000000a76db0b8) thrown at [t:/workspace/open/src/hotspot/share/classfile/systemDictionary.cpp, line 231]
Event: 1.466 Thread 0x000002d2cb66c800 Exception <a 'java/io/FileNotFoundException'{0x00000000a76e93c0}> (0x00000000a76e93c0) thrown at [t:/workspace/open/src/hotspot/share/prims/jni.cpp, line 615]

Events (10 events):
Event: 1.467 loading class sun/security/provider/PolicyFile$7 done
Event: 1.467 Thread 0x000002d2ec10d000 Thread added: 0x000002d2ec10d000
Event: 1.467 loading class javax/management/remote/rmi/RMIConnectionImpl_Stub
Event: 1.468 loading class javax/management/remote/rmi/RMIConnectionImpl_Stub done
Event: 1.468 loading class sun/security/provider/PolicyFile$9
Event: 1.468 loading class sun/security/provider/PolicyFile$9 done
Event: 1.469 loading class java/rmi/MarshalledObject
Event: 1.469 loading class sun/security/provider/PolicyFile$SelfPermission
Event: 1.469 loading class sun/security/provider/PolicyFile$SelfPermission done
Event: 1.469 loading class java/rmi/MarshalledObject done


Dynamic libraries:
0x00007ff78d740000 - 0x00007ff78d787000 	C:\Program Files\Java\jdk-11.0.6\bin\javaw.exe
0x00007ff871000000 - 0x00007ff8711f0000 	C:\WINDOWS\SYSTEM32\ntdll.dll
0x00007ff86f610000 - 0x00007ff86f6c2000 	C:\WINDOWS\System32\KERNEL32.DLL
0x00007ff86e250000 - 0x00007ff86e4f3000 	C:\WINDOWS\System32\KERNELBASE.dll
0x00007ff870e70000 - 0x00007ff870f13000 	C:\WINDOWS\System32\ADVAPI32.dll
0x00007ff870f20000 - 0x00007ff870fbe000 	C:\WINDOWS\System32\msvcrt.dll
0x00007ff870880000 - 0x00007ff870917000 	C:\WINDOWS\System32\sechost.dll
0x00007ff86f490000 - 0x00007ff86f5b0000 	C:\WINDOWS\System32\RPCRT4.dll
0x00007ff870c60000 - 0x00007ff870df4000 	C:\WINDOWS\System32\USER32.dll
0x00007ff86e6b0000 - 0x00007ff86e6d1000 	C:\WINDOWS\System32\win32u.dll
0x00007ff8705b0000 - 0x00007ff8705d6000 	C:\WINDOWS\System32\GDI32.dll
0x00007ff86dfb0000 - 0x00007ff86e144000 	C:\WINDOWS\System32\gdi32full.dll
0x00007ff86e500000 - 0x00007ff86e59e000 	C:\WINDOWS\System32\msvcp_win.dll
0x00007ff86e150000 - 0x00007ff86e24a000 	C:\WINDOWS\System32\ucrtbase.dll
0x00007ff8629d0000 - 0x00007ff862c55000 	C:\WINDOWS\WinSxS\amd64_microsoft.windows.common-controls_6595b64144ccf1df_6.0.18362.778_none_e6c6b761130d4fb8\COMCTL32.dll
0x00007ff8639e0000 - 0x00007ff8639ea000 	C:\WINDOWS\SYSTEM32\VERSION.dll
0x00007ff870920000 - 0x00007ff870c56000 	C:\WINDOWS\System32\combase.dll
0x00007ff86f030000 - 0x00007ff86f0b0000 	C:\WINDOWS\System32\bcryptPrimitives.dll
0x00007ff8707e0000 - 0x00007ff87080e000 	C:\WINDOWS\System32\IMM32.DLL
0x00007ff864e90000 - 0x00007ff864ea6000 	C:\Program Files\Java\jdk-11.0.6\bin\vcruntime140.dll
0x00007ff849650000 - 0x00007ff8496fa000 	C:\Program Files\Java\jdk-11.0.6\bin\msvcp140.dll
0x00007ff830760000 - 0x00007ff831289000 	C:\Program Files\Java\jdk-11.0.6\bin\server\jvm.dll
0x00007ff86f0b0000 - 0x00007ff86f0b8000 	C:\WINDOWS\System32\PSAPI.DLL
0x00007ff867280000 - 0x00007ff867289000 	C:\WINDOWS\SYSTEM32\WSOCK32.dll
0x00007ff870810000 - 0x00007ff87087f000 	C:\WINDOWS\System32\WS2_32.dll
0x00007ff86b840000 - 0x00007ff86b864000 	C:\WINDOWS\SYSTEM32\WINMM.dll
0x00007ff86b810000 - 0x00007ff86b83d000 	C:\WINDOWS\SYSTEM32\WINMMBASE.dll
0x00007ff86e6e0000 - 0x00007ff86e72a000 	C:\WINDOWS\System32\cfgmgr32.dll
0x00007ff86df40000 - 0x00007ff86df51000 	C:\WINDOWS\System32\kernel.appcore.dll
0x00007ff830720000 - 0x00007ff830731000 	C:\Program Files\Java\jdk-11.0.6\bin\verify.dll
0x00007ff866ae0000 - 0x00007ff866cd4000 	C:\WINDOWS\SYSTEM32\DBGHELP.DLL
0x00007ff8522c0000 - 0x00007ff8522ea000 	C:\WINDOWS\SYSTEM32\dbgcore.DLL
0x00007ff8306f0000 - 0x00007ff830719000 	C:\Program Files\Java\jdk-11.0.6\bin\java.dll
0x00007ff8306d0000 - 0x00007ff8306e6000 	C:\Program Files\Java\jdk-11.0.6\bin\zip.dll
0x00007ff8306c0000 - 0x00007ff8306ca000 	C:\Program Files\Java\jdk-11.0.6\bin\jimage.dll
0x00007ff86fd00000 - 0x00007ff8703e5000 	C:\WINDOWS\System32\SHELL32.dll
0x00007ff8705e0000 - 0x00007ff870689000 	C:\WINDOWS\System32\shcore.dll
0x00007ff86e8b0000 - 0x00007ff86f030000 	C:\WINDOWS\System32\windows.storage.dll
0x00007ff86df60000 - 0x00007ff86df83000 	C:\WINDOWS\System32\profapi.dll
0x00007ff86def0000 - 0x00007ff86df3a000 	C:\WINDOWS\System32\powrprof.dll
0x00007ff86dec0000 - 0x00007ff86ded0000 	C:\WINDOWS\System32\UMPDC.dll
0x00007ff870550000 - 0x00007ff8705a2000 	C:\WINDOWS\System32\shlwapi.dll
0x00007ff86df90000 - 0x00007ff86dfa7000 	C:\WINDOWS\System32\cryptsp.dll
0x00007ff82ea50000 - 0x00007ff82ea69000 	C:\Program Files\Java\jdk-11.0.6\bin\net.dll
0x00007ff8621b0000 - 0x00007ff8622a0000 	C:\WINDOWS\SYSTEM32\WINHTTP.dll
0x00007ff86d730000 - 0x00007ff86d797000 	C:\WINDOWS\system32\mswsock.dll
0x00007ff82ea30000 - 0x00007ff82ea43000 	C:\Program Files\Java\jdk-11.0.6\bin\nio.dll
0x00007ff8622c0000 - 0x00007ff8622c9000 	C:\Program Files\Java\jdk-11.0.6\bin\management.dll
0x00007ff844780000 - 0x00007ff84478c000 	C:\Program Files\Java\jdk-11.0.6\bin\management_ext.dll
0x00007ff84ce10000 - 0x00007ff84ce26000 	C:\WINDOWS\system32\napinsp.dll
0x00007ff84cdf0000 - 0x00007ff84ce0a000 	C:\WINDOWS\system32\pnrpnsp.dll
0x00007ff86d480000 - 0x00007ff86d54a000 	C:\WINDOWS\SYSTEM32\DNSAPI.dll
0x00007ff86f6d0000 - 0x00007ff86f6d8000 	C:\WINDOWS\System32\NSI.dll
0x00007ff86d440000 - 0x00007ff86d47a000 	C:\WINDOWS\SYSTEM32\IPHLPAPI.DLL
0x00007ff84ece0000 - 0x00007ff84ecee000 	C:\WINDOWS\System32\winrnr.dll
0x00007ff86a700000 - 0x00007ff86a71c000 	C:\WINDOWS\system32\NLAapi.dll
0x00007ff8559b0000 - 0x00007ff8559c5000 	C:\WINDOWS\system32\wshbth.dll
0x00007ff860ff0000 - 0x00007ff860ffa000 	C:\Windows\System32\rasadhlp.dll
0x00007ff8639f0000 - 0x00007ff863a67000 	C:\WINDOWS\System32\fwpuclnt.dll
0x00007ff86e880000 - 0x00007ff86e8a6000 	C:\WINDOWS\System32\bcrypt.dll
0x00007ff86d240000 - 0x00007ff86d273000 	C:\WINDOWS\system32\rsaenh.dll
0x00007ff86dde0000 - 0x00007ff86de05000 	C:\WINDOWS\SYSTEM32\USERENV.dll
0x00007ff86d900000 - 0x00007ff86d90c000 	C:\WINDOWS\SYSTEM32\CRYPTBASE.dll
0x00007ff864170000 - 0x00007ff864186000 	C:\WINDOWS\SYSTEM32\dhcpcsvc6.DLL
0x00007ff864360000 - 0x00007ff86437c000 	C:\WINDOWS\SYSTEM32\dhcpcsvc.DLL

dbghelp: loaded successfully - version: 4.0.5 - missing functions: none
symbol engine: initialized successfully - sym options: 0x614 - pdb path: .;C:\Program Files\Java\jdk-11.0.6\bin;C:\WINDOWS\SYSTEM32;C:\WINDOWS\WinSxS\amd64_microsoft.windows.common-controls_6595b64144ccf1df_6.0.18362.778_none_e6c6b761130d4fb8;C:\Program Files\Java\jdk-11.0.6\bin\server

VM Arguments:
jvm_args: -Dcom.sun.management.jmxremote -Dcom.sun.management.jmxremote.port=50198 -Dcom.sun.management.jmxremote.authenticate=false -Dcom.sun.management.jmxremote.ssl=false -Djava.rmi.server.hostname=localhost -Dspring.jmx.enabled=true -Dspring.application.admin.enabled=true -Xverify:none -XX:TieredStopAtLevel=1 -Dspring.boot.project.name=cursomc -Dfile.encoding=UTF-8 
java_command: br.com.diego.cursomc.CursomcApplication --spring.output.ansi.enabled=always
java_class_path (initial): C:\Users\Diego\Documents\ws_sts\spring-boot-ionic-backend\cursomc\target\classes;C:\Users\Diego\.m2\repository\org\springframework\boot\spring-boot-starter-web\2.2.6.RELEASE\spring-boot-starter-web-2.2.6.RELEASE.jar;C:\Users\Diego\.m2\repository\org\springframework\boot\spring-boot-starter\2.2.6.RELEASE\spring-boot-starter-2.2.6.RELEASE.jar;C:\Users\Diego\.m2\repository\org\springframework\boot\spring-boot-starter-logging\2.2.6.RELEASE\spring-boot-starter-logging-2.2.6.RELEASE.jar;C:\Users\Diego\.m2\repository\ch\qos\logback\logback-classic\1.2.3\logback-classic-1.2.3.jar;C:\Users\Diego\.m2\repository\ch\qos\logback\logback-core\1.2.3\logback-core-1.2.3.jar;C:\Users\Diego\.m2\repository\org\apache\logging\log4j\log4j-to-slf4j\2.12.1\log4j-to-slf4j-2.12.1.jar;C:\Users\Diego\.m2\repository\org\apache\logging\log4j\log4j-api\2.12.1\log4j-api-2.12.1.jar;C:\Users\Diego\.m2\repository\org\slf4j\jul-to-slf4j\1.7.30\jul-to-slf4j-1.7.30.jar;C:\Users\Diego\.m2\repository\jakarta\annotation\jakarta.annotation-api\1.3.5\jakarta.annotation-api-1.3.5.jar;C:\Users\Diego\.m2\repository\org\yaml\snakeyaml\1.25\snakeyaml-1.25.jar;C:\Users\Diego\.m2\repository\org\springframework\boot\spring-boot-starter-json\2.2.6.RELEASE\spring-boot-starter-json-2.2.6.RELEASE.jar;C:\Users\Diego\.m2\repository\com\fasterxml\jackson\datatype\jackson-datatype-jdk8\2.10.3\jackson-datatype-jdk8-2.10.3.jar;C:\Users\Diego\.m2\repository\com\fasterxml\jackson\datatype\jackson-datatype-jsr310\2.10.3\jackson-datatype-jsr310-2.10.3.jar;C:\Users\Diego\.m2\repository\com\fasterxml\jackson\module\jackson-module-parameter-names\2.10.3\jackson-module-parameter-names-2.10.3.jar;C:\Users\Diego\.m2\repository\org\springframework\boot\spring-boot-starter-tomcat\2.2.6.RELEASE\spring-boot-starter-tomcat-2.2.6.RELEASE.jar;C:\Users\Diego\.m2\repository\org\apache\tomcat\embed\tomcat-embed-core\9.0.33\tomcat-embed-core-9.0.33.jar;C:\Users\Diego\.m2\repository\org\apache\tomcat\embed\tomcat-embed
Launcher Type: SUN_STANDARD

[Global flags]
     bool BytecodeVerificationLocal                = false                                     {product} {command line}
     bool BytecodeVerificationRemote               = false                                     {product} {command line}
     intx CICompilerCount                          = 3                                         {product} {ergonomic}
     uint ConcGCThreads                            = 1                                         {product} {ergonomic}
     uint G1ConcRefinementThreads                  = 4                                         {product} {ergonomic}
   size_t G1HeapRegionSize                         = 1048576                                   {product} {ergonomic}
    uintx GCDrainStackTargetSize                   = 64                                        {product} {ergonomic}
   size_t InitialHeapSize                          = 100663296                                 {product} {ergonomic}
     bool ManagementServer                         = true                                      {product} {command line}
   size_t MarkStackSize                            = 4194304                                   {product} {ergonomic}
   size_t MaxHeapSize                              = 1581252608                                {product} {ergonomic}
   size_t MaxNewSize                               = 947912704                                 {product} {ergonomic}
   size_t MinHeapDeltaBytes                        = 1048576                                   {product} {ergonomic}
    uintx NonNMethodCodeHeapSize                   = 6973028                                {pd product} {ergonomic}
    uintx NonProfiledCodeHeapSize                  = 244685212                              {pd product} {ergonomic}
    uintx ProfiledCodeHeapSize                     = 0                                      {pd product} {ergonomic}
    uintx ReservedCodeCacheSize                    = 251658240                              {pd product} {ergonomic}
     bool SegmentedCodeCache                       = true                                      {product} {ergonomic}
     intx TieredStopAtLevel                        = 1                                         {product} {command line}
     bool UseCompressedClassPointers               = true                                 {lp64_product} {ergonomic}
     bool UseCompressedOops                        = true                                 {lp64_product} {ergonomic}
     bool UseG1GC                                  = true                                      {product} {ergonomic}
     bool UseLargePagesIndividualAllocation        = false                                  {pd product} {ergonomic}

Logging:
Log output configuration:
 #0: stdout all=warning uptime,level,tags
 #1: stderr all=off uptime,level,tags

Environment Variables:
JAVA_HOME=C:\Program Files\Java\jdk-11.0.6
CLASSPATH=;C:\Program Files\Java\jdk-11.0.6\lib;C:\Program Files\Java\jdk-11.0.6\lib\tools.jar;C:\Program Files\Java\jdk-11.0.6\lib\dt.jar;C:\Program Files\Java\jdk-11.0.6\lib\htmlconverter.jar;C:\Program Files\Java\jdk-11.0.6\jre\lib;C:\Program Files\Java\jdk-11.0.6\jre\lib\rt.jar;
PATH=C:/Program Files/Java/jdk-11.0.6/bin/server;C:/Program Files/Java/jdk-11.0.6/bin;C:\ProgramData\Oracle\Java\javapath;C:\WINDOWS\system32;C:\WINDOWS;C:\WINDOWS\System32\Wbem;C:\WINDOWS\System32\WindowsPowerShell\v1.0\;C:\PostgreSQL\pg96\bin;C:\Program Files\Condusiv Technologies\ExpressCache\;C:\WINDOWS\System32\OpenSSH\;C:\xampp\mysql\bin;C:\Program Files\Java\jdk-11.0.6\bin;C:\Users\Diego\AppData\Local\Microsoft\WindowsApps;C:\Users\Diego\AppData\Local\GitHubDesktop\bin;C:\Users\Diego\AppData\Local\Microsoft\WindowsApps;C:\Program Files\heroku\bin;C:\Users\Diego\Desktop\sts-4.6.0.RELEASE;
USERNAME=Diego
OS=Windows_NT
PROCESSOR_IDENTIFIER=Intel64 Family 6 Model 58 Stepping 9, GenuineIntel



---------------  S Y S T E M  ---------------

OS: Windows 10 , 64 bit Build 18362 (10.0.18362.778)

CPU:total 4 (initial active 4) (2 cores per cpu, 2 threads per core) family 6 model 58 stepping 9, cmov, cx8, fxsr, mmx, sse, sse2, sse3, ssse3, sse4.1, sse4.2, popcnt, avx, aes, clmul, erms, ht, tsc, tscinvbit, tscinv

Memory: 4k page, system-wide physical 6029M (1585M free)
TotalPageFile size 7437M (AvailPageFile size 2158M)
current process WorkingSet (physical memory assigned to process): 79M, peak: 79M
current process commit charge ("private bytes"): 184M, peak: 184M

vm_info: Java HotSpot(TM) 64-Bit Server VM (11.0.6+8-LTS) for windows-amd64 JRE (11.0.6+8-LTS), built on Dec 11 2019 09:17:57 by "mach5one" with MS VC++ 15.5 (VS2017)

END.
